2024-12-05 18:27:53,112 - INFO - Reading cbb22.csv.
2024-12-05 18:27:53,118 - INFO - Renamed column 'EFGD_D' to 'EFG_D' in cbb22.csv.
2024-12-05 18:27:53,118 - INFO - Saved updated cbb22.csv.
2024-12-05 18:27:53,125 - INFO - Reading cbb16.csv and cbb.csv.
2024-12-05 18:27:53,131 - INFO - Filtering rows for the year 2016 in cbb.csv.
2024-12-05 18:27:53,131 - INFO - Merging cbb16.csv with filtered cbb.csv for 'POSTSEASON' and 'SEED' columns.
2024-12-05 18:27:53,132 - INFO - Combined and cleaned 'POSTSEASON' and 'SEED' columns in cbb16.csv.
2024-12-05 18:27:53,133 - INFO - Saved updated cbb16.csv.
2024-12-05 18:27:53,171 - INFO - Reading ../Final_Project_DE/archive/cbb21.csv.
2024-12-05 18:27:53,173 - INFO - Reading ../Final_Project_DE/archive/cbb23.csv.
2024-12-05 18:27:53,174 - INFO - Reading ../Final_Project_DE/archive/cbb22.csv.
2024-12-05 18:27:53,174 - INFO - Reading ../Final_Project_DE/archive/cbb19.csv.
2024-12-05 18:27:53,175 - INFO - Reading ../Final_Project_DE/archive/cbb18.csv.
2024-12-05 18:27:53,176 - INFO - Reading ../Final_Project_DE/archive/cbb15.csv.
2024-12-05 18:27:53,177 - INFO - Reading ../Final_Project_DE/archive/cbb14.csv.
2024-12-05 18:27:53,178 - INFO - Reading ../Final_Project_DE/archive/cbb16.csv.
2024-12-05 18:27:53,178 - INFO - Reading ../Final_Project_DE/archive/cbb17.csv.
2024-12-05 18:27:53,179 - INFO - Reading ../Final_Project_DE/archive/cbb13.csv.
2024-12-05 18:27:53,217 - INFO - Processing cbb24 dataframe.
2024-12-05 18:27:53,227 - INFO - Saved train_data.csv and test_data.csv successfully.
