2024-12-05 15:05:49,652 - INFO - Reading cbb22.csv.
2024-12-05 15:05:49,656 - INFO - Renamed column 'EFGD_D' to 'EFG_D' in cbb22.csv.
2024-12-05 15:05:49,656 - INFO - Saved updated cbb22.csv.
2024-12-05 15:05:49,664 - INFO - Reading cbb16.csv and cbb.csv.
2024-12-05 15:05:49,671 - INFO - Filtering rows for the year 2016 in cbb.csv.
2024-12-05 15:05:49,671 - INFO - Merging cbb16.csv with filtered cbb.csv for 'POSTSEASON' and 'SEED' columns.
2024-12-05 15:05:49,672 - INFO - Combined and cleaned 'POSTSEASON' and 'SEED' columns in cbb16.csv.
2024-12-05 15:05:49,673 - INFO - Saved updated cbb16.csv.
2024-12-05 15:05:49,696 - INFO - Reading ../Final_Project_DE/archive/cbb21.csv.
2024-12-05 15:05:49,697 - INFO - Reading ../Final_Project_DE/archive/cbb23.csv.
2024-12-05 15:05:49,698 - INFO - Reading ../Final_Project_DE/archive/cbb22.csv.
2024-12-05 15:05:49,699 - INFO - Reading ../Final_Project_DE/archive/cbb19.csv.
2024-12-05 15:05:49,700 - INFO - Reading ../Final_Project_DE/archive/cbb18.csv.
2024-12-05 15:05:49,701 - INFO - Reading ../Final_Project_DE/archive/cbb15.csv.
2024-12-05 15:05:49,702 - INFO - Reading ../Final_Project_DE/archive/cbb14.csv.
2024-12-05 15:05:49,703 - INFO - Reading ../Final_Project_DE/archive/cbb16.csv.
2024-12-05 15:05:49,704 - INFO - Reading ../Final_Project_DE/archive/cbb17.csv.
2024-12-05 15:05:49,705 - INFO - Reading ../Final_Project_DE/archive/cbb13.csv.
2024-12-05 15:05:49,771 - INFO - Processing cbb24 dataframe.
2024-12-05 15:05:49,774 - INFO - Saved train_data.csv and test_data.csv successfully.
2024-12-05 15:05:54,792 - INFO - Loading training and testing datasets.
2024-12-05 15:05:54,807 - INFO - Filtering rows with non-null SEED values.
2024-12-05 15:05:54,808 - INFO - Selected features: ['ADJOE', 'ADJDE', 'BARTHAG', 'EFG_O', 'EFG_D', 'TOR', 'TORD', 'ORB', 'DRB', 'FTR', 'FTRD', 'ADJ_T', 'WAB'].
2024-12-05 15:05:54,809 - INFO - Splitting data into training and testing sets.
2024-12-05 15:05:54,811 - INFO - Scaling features using StandardScaler.
2024-12-05 15:05:54,812 - INFO - Fitting the GAM model.
2024-12-05 15:05:55,178 - INFO - Predicting on test data.
2024-12-05 15:06:00,918 - INFO - Predicting seeds for cbb24.
2024-12-05 15:06:00,930 - INFO - Updating seed assignments in the main DataFrame.
2024-12-05 15:06:00,953 - INFO - Extract Data from Bart Torvik
2024-12-05 15:06:02,478 - INFO - Execute model on our current dataset i.e. current_cbb_live_data to get the seeds for 2024-2025 season
2024-12-05 15:06:09,307 - INFO - Run model to obtain predictions on who will be winning march madness for the 2024-25 season
2024-12-05 15:06:09,308 - INFO - Training Random Forest Classifier.
2024-12-05 15:06:09,441 - INFO - Evaluating model performance on the test set.
2024-12-05 15:06:09,454 - INFO - Applying the model to current data.
2024-12-05 15:06:09,464 - INFO - Assigning labels systematically.
2024-12-05 15:06:09,484 - INFO - Mapping assigned labels back to POSTSEASON names.
2024-12-05 18:13:05,309 - ERROR - Error uploading ../Final_Project_DE/archive/cbb22.csv to S3: Unable to locate credentials
2024-12-05 18:16:42,929 - INFO - Found credentials in shared credentials file: ~/.aws/credentials
2024-12-05 18:16:46,761 - ERROR - Error uploading ../Final_Project_DE/archive/cbb22.csv to S3: Could not connect to the endpoint URL: "https://your-s3-bucket-name.s3.None.amazonaws.com/Final_Project_DE/archive/cbb22.csv"
2024-12-05 18:17:14,879 - INFO - Found credentials in shared credentials file: ~/.aws/credentials
2024-12-05 18:17:18,383 - ERROR - Error uploading ../Final_Project_DE/archive/cbb22.csv to S3: Could not connect to the endpoint URL: "https://cbb-data-engg.s3.None.amazonaws.com/Final_Project_DE/archive/cbb22.csv"
2024-12-05 18:20:34,152 - INFO - Found credentials in shared credentials file: ~/.aws/credentials
2024-12-05 18:20:35,003 - INFO - Uploaded ../Final_Project_DE/archive/cbb22.csv to S3 as Final_Project_DE/archive/cbb22.csv.
2024-12-05 18:20:35,316 - INFO - Uploaded ../Final_Project_DE/archive/cbb16.csv to S3 as Final_Project_DE/archive/cbb16.csv.
2024-12-05 18:20:36,481 - INFO - Uploaded ../Final_Project_DE/archive/cbb.csv to S3 as Final_Project_DE/archive/cbb.csv.
2024-12-05 18:20:36,714 - INFO - Uploaded ../Final_Project_DE/archive/cbb24.csv to S3 as Final_Project_DE/archive/cbb24.csv.
2024-12-05 18:20:36,714 - INFO - Processing cbb22.csv.
2024-12-05 18:20:37,072 - INFO - Processing cbb16.csv and cbb.csv.
2024-12-05 18:20:37,432 - INFO - Filtering rows for the year 2016 in cbb.csv.
2024-12-05 18:20:37,435 - INFO - Merging cbb16.csv with filtered cbb.csv for 'POSTSEASON' and 'SEED' columns.
2024-12-05 18:20:37,440 - INFO - Combining and cleaning 'POSTSEASON' and 'SEED' columns in cbb16.csv.
2024-12-05 18:20:37,638 - INFO - Combining multiple CSV files.
2024-12-05 18:20:37,729 - INFO - Reading Final_Project_DE/archive/cbb16.csv from S3.
2024-12-05 18:20:37,816 - INFO - Reading Final_Project_DE/archive/cbb22.csv from S3.
2024-12-05 18:20:38,139 - INFO - Processing cbb24.csv.
2024-12-05 18:20:38,709 - INFO - Processing completed successfully.
2024-12-05 18:26:59,082 - INFO - Reading cbb22.csv.
2024-12-05 18:26:59,086 - INFO - Renamed column 'EFGD_D' to 'EFG_D' in cbb22.csv.
2024-12-05 18:26:59,087 - INFO - Saved updated cbb22.csv.
2024-12-05 18:26:59,095 - INFO - Reading cbb16.csv and cbb.csv.
2024-12-05 18:26:59,112 - INFO - Filtering rows for the year 2016 in cbb.csv.
2024-12-05 18:26:59,114 - INFO - Merging cbb16.csv with filtered cbb.csv for 'POSTSEASON' and 'SEED' columns.
2024-12-05 18:26:59,118 - INFO - Combined and cleaned 'POSTSEASON' and 'SEED' columns in cbb16.csv.
2024-12-05 18:26:59,119 - INFO - Saved updated cbb16.csv.
2024-12-05 18:26:59,142 - INFO - Reading ../Final_Project_DE/archive/cbb21.csv.
2024-12-05 18:26:59,143 - INFO - Reading ../Final_Project_DE/archive/cbb23.csv.
2024-12-05 18:26:59,145 - INFO - Reading ../Final_Project_DE/archive/cbb22.csv.
2024-12-05 18:26:59,146 - INFO - Reading ../Final_Project_DE/archive/cbb19.csv.
2024-12-05 18:26:59,147 - INFO - Reading ../Final_Project_DE/archive/cbb18.csv.
2024-12-05 18:26:59,148 - INFO - Reading ../Final_Project_DE/archive/cbb15.csv.
2024-12-05 18:26:59,149 - INFO - Reading ../Final_Project_DE/archive/cbb14.csv.
2024-12-05 18:26:59,151 - INFO - Reading ../Final_Project_DE/archive/cbb16.csv.
2024-12-05 18:26:59,152 - INFO - Reading ../Final_Project_DE/archive/cbb17.csv.
2024-12-05 18:26:59,153 - INFO - Reading ../Final_Project_DE/archive/cbb13.csv.
2024-12-05 18:26:59,210 - INFO - Processing cbb24 dataframe.
2024-12-05 18:26:59,231 - INFO - Saved train_data.csv and test_data.csv successfully.
2024-12-05 18:27:29,656 - INFO - Reading cbb22.csv.
2024-12-05 18:27:29,659 - INFO - Renamed column 'EFGD_D' to 'EFG_D' in cbb22.csv.
2024-12-05 18:27:29,659 - INFO - Saved updated cbb22.csv.
2024-12-05 18:27:29,667 - INFO - Reading cbb16.csv and cbb.csv.
2024-12-05 18:27:29,675 - INFO - Filtering rows for the year 2016 in cbb.csv.
2024-12-05 18:27:29,676 - INFO - Merging cbb16.csv with filtered cbb.csv for 'POSTSEASON' and 'SEED' columns.
2024-12-05 18:27:29,677 - INFO - Combined and cleaned 'POSTSEASON' and 'SEED' columns in cbb16.csv.
2024-12-05 18:27:29,678 - INFO - Saved updated cbb16.csv.
2024-12-05 18:27:29,702 - INFO - Reading ../Final_Project_DE/archive/cbb21.csv.
2024-12-05 18:27:29,707 - INFO - Reading ../Final_Project_DE/archive/cbb23.csv.
2024-12-05 18:27:29,711 - INFO - Reading ../Final_Project_DE/archive/cbb22.csv.
2024-12-05 18:27:29,713 - INFO - Reading ../Final_Project_DE/archive/cbb19.csv.
2024-12-05 18:27:29,716 - INFO - Reading ../Final_Project_DE/archive/cbb18.csv.
2024-12-05 18:27:29,720 - INFO - Reading ../Final_Project_DE/archive/cbb15.csv.
2024-12-05 18:27:29,723 - INFO - Reading ../Final_Project_DE/archive/cbb14.csv.
2024-12-05 18:27:29,725 - INFO - Reading ../Final_Project_DE/archive/cbb16.csv.
2024-12-05 18:27:29,725 - INFO - Reading ../Final_Project_DE/archive/cbb17.csv.
2024-12-05 18:27:29,728 - INFO - Reading ../Final_Project_DE/archive/cbb13.csv.
2024-12-05 18:27:29,768 - INFO - Processing cbb24 dataframe.
2024-12-05 18:27:29,772 - INFO - Saved train_data.csv and test_data.csv successfully.
2024-12-05 18:28:09,031 - INFO - Found credentials in shared credentials file: ~/.aws/credentials
2024-12-05 18:28:09,831 - INFO - Uploaded ../Final_Project_DE/archive/cbb22.csv to S3 as Final_Project_DE/archive/cbb22.csv.
2024-12-05 18:28:10,191 - INFO - Uploaded ../Final_Project_DE/archive/cbb22.csv to S3 as Final_Project_DE/archive/cbb22.csv.
2024-12-05 18:28:10,545 - INFO - Uploaded ../Final_Project_DE/archive/cbb22.csv to S3 as Final_Project_DE/archive/cbb22.csv.
2024-12-05 18:28:10,807 - INFO - Uploaded ../Final_Project_DE/archive/cbb22.csv to S3 as Final_Project_DE/archive/cbb22.csv.
2024-12-05 18:28:11,056 - INFO - Uploaded ../Final_Project_DE/archive/cbb16.csv to S3 as Final_Project_DE/archive/cbb16.csv.
2024-12-05 18:28:12,164 - INFO - Uploaded ../Final_Project_DE/archive/cbb.csv to S3 as Final_Project_DE/archive/cbb.csv.
2024-12-05 18:28:12,346 - INFO - Uploaded ../Final_Project_DE/archive/cbb24.csv to S3 as Final_Project_DE/archive/cbb24.csv.
2024-12-05 18:28:12,346 - INFO - Processing cbb22.csv.
2024-12-05 18:28:12,719 - INFO - Processing cbb16.csv and cbb.csv.
2024-12-05 18:28:13,139 - INFO - Filtering rows for the year 2016 in cbb.csv.
2024-12-05 18:28:13,140 - INFO - Merging cbb16.csv with filtered cbb.csv for 'POSTSEASON' and 'SEED' columns.
2024-12-05 18:28:13,142 - INFO - Combining and cleaning 'POSTSEASON' and 'SEED' columns in cbb16.csv.
2024-12-05 18:28:13,318 - INFO - Combining multiple CSV files.
2024-12-05 18:28:13,407 - INFO - Reading Final_Project_DE/archive/cbb16.csv from S3.
2024-12-05 18:28:13,494 - INFO - Reading Final_Project_DE/archive/cbb22.csv from S3.
2024-12-05 18:28:14,033 - INFO - Processing cbb24.csv.
2024-12-05 18:28:14,602 - INFO - Processing completed successfully.
2024-12-06 16:26:40,637 - INFO - Loading training and testing datasets.
2024-12-06 16:26:42,213 - INFO - Filtering rows with non-null SEED values.
2024-12-06 16:26:42,219 - INFO - Selected features: ['ADJOE', 'ADJDE', 'BARTHAG', 'EFG_O', 'EFG_D', 'TOR', 'TORD', 'ORB', 'DRB', 'FTR', 'FTRD', 'ADJ_T', 'WAB'].
2024-12-06 16:26:42,220 - INFO - Splitting data into training and testing sets.
2024-12-06 16:26:42,223 - INFO - Scaling features using StandardScaler.
2024-12-06 16:26:42,226 - INFO - Fitting the GAM model.
2024-12-06 16:26:42,614 - INFO - Predicting on test data.
2024-12-06 16:26:47,704 - INFO - Predicting seeds for cbb24.
2024-12-06 16:26:47,717 - INFO - Updating seed assignments in the main DataFrame.
2024-12-06 16:30:23,709 - INFO - Execute model on our current dataset i.e. current_cbb_live_data to get the seeds for 2024-2025 season
2024-12-06 16:31:45,010 - INFO - Splitting data into training and testing sets.
2024-12-06 16:31:45,012 - INFO - Scaling features using StandardScaler.
2024-12-06 16:31:45,016 - INFO - Fitting the GAM model.
2024-12-06 16:31:45,383 - INFO - Predicting on test data.
2024-12-06 16:31:50,965 - INFO - Predicting seeds for cbb24.
2024-12-06 16:33:10,867 - INFO - Loading training and testing datasets.
2024-12-06 16:33:12,170 - INFO - Filtering rows with non-null SEED values.
2024-12-06 16:33:12,174 - INFO - Selected features: ['ADJOE', 'ADJDE', 'BARTHAG', 'EFG_O', 'EFG_D', 'TOR', 'TORD', 'ORB', 'DRB', 'FTR', 'FTRD', 'ADJ_T', 'WAB', 'TEAM'].
2024-12-06 16:33:12,175 - INFO - Splitting data into training and testing sets.
2024-12-06 16:33:12,177 - INFO - Scaling features using StandardScaler.
2024-12-06 16:33:13,528 - INFO - Execute model on our current dataset i.e. current_cbb_live_data to get the seeds for 2024-2025 season
2024-12-06 16:33:15,234 - INFO - Splitting data into training and testing sets.
2024-12-06 16:33:15,237 - INFO - Scaling features using StandardScaler.
2024-12-06 16:35:14,306 - INFO - Loading training and testing datasets.
2024-12-06 16:35:15,265 - INFO - Filtering rows with non-null SEED values.
2024-12-06 16:35:15,268 - INFO - Selected features: ['ADJOE', 'ADJDE', 'BARTHAG', 'EFG_O', 'EFG_D', 'TOR', 'TORD', 'ORB', 'DRB', 'FTR', 'FTRD', 'ADJ_T', 'WAB'].
2024-12-06 16:35:15,270 - INFO - Splitting data into training and testing sets.
2024-12-06 16:35:15,271 - INFO - Scaling features using StandardScaler.
2024-12-06 16:35:15,274 - INFO - Fitting the GAM model.
2024-12-06 16:35:15,687 - INFO - Predicting on test data.
2024-12-06 16:35:21,783 - INFO - Predicting seeds for cbb24.
2024-12-06 16:35:21,800 - INFO - Updating seed assignments in the main DataFrame.
2024-12-06 16:35:36,148 - INFO - Execute model on our current dataset i.e. current_cbb_live_data to get the seeds for 2024-2025 season
2024-12-06 16:35:37,130 - INFO - Splitting data into training and testing sets.
2024-12-06 16:35:37,132 - INFO - Scaling features using StandardScaler.
2024-12-06 16:35:37,135 - INFO - Fitting the GAM model.
2024-12-06 16:35:37,489 - INFO - Predicting on test data.
2024-12-06 16:35:43,167 - INFO - Predicting seeds for cbb24.
2024-12-06 16:39:15,173 - INFO - Loading training and testing datasets.
2024-12-06 16:39:16,595 - INFO - Filtering rows with non-null SEED values.
2024-12-06 16:39:16,597 - INFO - Selected features: ['ADJOE', 'ADJDE', 'BARTHAG', 'EFG_O', 'EFG_D', 'TOR', 'TORD', 'ORB', 'DRB', 'FTR', 'FTRD', 'ADJ_T', 'WAB'].
2024-12-06 16:39:16,599 - INFO - Splitting data into training and testing sets.
2024-12-06 16:39:16,600 - INFO - Scaling features using StandardScaler.
2024-12-06 16:39:16,602 - INFO - Fitting the GAM model.
2024-12-06 16:39:17,020 - INFO - Predicting on test data.
2024-12-06 16:39:23,507 - INFO - Predicting seeds for cbb24.
2024-12-06 16:39:23,518 - INFO - Updating seed assignments in the main DataFrame.
2024-12-06 16:41:08,366 - INFO - Loading training and testing datasets.
2024-12-06 16:41:09,798 - INFO - Filtering rows with non-null SEED values.
2024-12-06 16:41:09,801 - INFO - Selected features: ['ADJOE', 'ADJDE', 'BARTHAG', 'EFG_O', 'EFG_D', 'TOR', 'TORD', 'ORB', 'DRB', 'FTR', 'FTRD', 'ADJ_T', 'WAB'].
2024-12-06 16:41:09,803 - INFO - Splitting data into training and testing sets.
2024-12-06 16:41:09,804 - INFO - Scaling features using StandardScaler.
2024-12-06 16:41:09,807 - INFO - Fitting the GAM model.
2024-12-06 16:41:10,163 - INFO - Predicting on test data.
2024-12-06 16:41:16,175 - INFO - Predicting seeds for cbb24.
2024-12-06 16:41:16,185 - INFO - Updating seed assignments in the main DataFrame.
2024-12-06 16:41:16,217 - INFO - Execute model on our current dataset i.e. current_cbb_live_data to get the seeds for 2024-2025 season
2024-12-06 16:41:16,217 - INFO - Splitting data into training and testing sets.
2024-12-06 16:41:16,218 - INFO - Scaling features using StandardScaler.
2024-12-06 16:41:16,221 - INFO - Fitting the GAM model.
2024-12-06 16:41:16,775 - INFO - Predicting on test data.
2024-12-06 16:41:22,448 - INFO - Predicting seeds for cbb24.
2024-12-06 16:41:22,458 - INFO - Updating seed assignments in the main DataFrame.
2024-12-06 16:44:43,711 - INFO - Loading training and testing datasets.
2024-12-06 16:44:50,345 - INFO - Filtering rows with non-null SEED values.
2024-12-06 16:44:50,347 - INFO - Selected features: ['ADJOE', 'ADJDE', 'BARTHAG', 'EFG_O', 'EFG_D', 'TOR', 'TORD', 'ORB', 'DRB', 'FTR', 'FTRD', 'ADJ_T', 'WAB'].
2024-12-06 16:44:50,348 - INFO - Splitting data into training and testing sets.
2024-12-06 16:44:50,350 - INFO - Scaling features using StandardScaler.
2024-12-06 16:44:50,352 - INFO - Fitting the GAM model.
2024-12-06 16:44:50,713 - INFO - Predicting on test data.
2024-12-06 16:44:56,680 - INFO - Predicting seeds for cbb24.
2024-12-06 16:44:56,695 - INFO - Updating seed assignments in the main DataFrame.
2024-12-06 16:45:06,737 - INFO - Execute model on our current dataset i.e. current_cbb_live_data to get the seeds for 2024-2025 season
2024-12-06 16:45:06,737 - INFO - Splitting data into training and testing sets.
2024-12-06 16:45:06,738 - INFO - Scaling features using StandardScaler.
2024-12-06 16:45:06,740 - INFO - Fitting the GAM model.
2024-12-06 16:45:07,089 - INFO - Predicting on test data.
2024-12-06 16:45:12,404 - INFO - Predicting seeds for cbb24.
2024-12-06 16:45:12,414 - INFO - Updating seed assignments in the main DataFrame.
2024-12-06 16:53:55,620 - INFO - Run model to obtain predictions on who will be winning march madness for the 2024-25 season
2024-12-06 16:53:55,623 - INFO - Training Random Forest Classifier.
2024-12-06 16:53:55,724 - INFO - Evaluating model performance on the test set.
2024-12-06 16:53:55,729 - INFO - Applying the model to current data.
2024-12-06 16:53:55,732 - INFO - Assigning labels systematically.
2024-12-06 16:54:05,203 - INFO - Mapping assigned labels back to POSTSEASON names.
2024-12-06 16:57:34,806 - INFO - Mapping assigned labels back to POSTSEASON names.
2024-12-06 16:58:26,076 - INFO - Loading training and testing datasets.
2024-12-06 16:58:26,085 - INFO - Filtering rows with non-null SEED values.
2024-12-06 16:58:26,087 - INFO - Selected features: ['ADJOE', 'ADJDE', 'BARTHAG', 'EFG_O', 'EFG_D', 'TOR', 'TORD', 'ORB', 'DRB', 'FTR', 'FTRD', 'ADJ_T', 'WAB'].
2024-12-06 16:58:26,087 - INFO - Splitting data into training and testing sets.
2024-12-06 16:58:26,088 - INFO - Scaling features using StandardScaler.
2024-12-06 16:58:26,089 - INFO - Fitting the GAM model.
2024-12-06 16:58:26,475 - INFO - Predicting on test data.
2024-12-06 16:58:33,525 - INFO - Predicting seeds for cbb24.
2024-12-06 16:58:33,541 - INFO - Updating seed assignments in the main DataFrame.
2024-12-06 16:58:33,584 - INFO - Execute model on our current dataset i.e. current_cbb_live_data to get the seeds for 2024-2025 season
2024-12-06 16:58:33,585 - INFO - Splitting data into training and testing sets.
2024-12-06 16:58:33,587 - INFO - Scaling features using StandardScaler.
2024-12-06 16:58:33,590 - INFO - Fitting the GAM model.
2024-12-06 16:58:34,154 - INFO - Predicting on test data.
2024-12-06 16:58:40,761 - INFO - Predicting seeds for cbb24.
2024-12-06 16:58:40,775 - INFO - Updating seed assignments in the main DataFrame.
2024-12-06 16:58:40,825 - INFO - Run model to obtain predictions on who will be winning march madness for the 2024-25 season
2024-12-06 16:58:40,827 - INFO - Training Random Forest Classifier.
2024-12-06 16:58:40,961 - INFO - Evaluating model performance on the test set.
2024-12-06 16:58:40,971 - INFO - Applying the model to current data.
2024-12-06 16:58:40,977 - INFO - Assigning labels systematically.
2024-12-06 16:58:40,992 - INFO - Mapping assigned labels back to POSTSEASON names.
2024-12-06 17:07:29,054 - INFO - Loading training and testing datasets.
2024-12-06 17:07:29,060 - INFO - Filtering rows with non-null SEED values.
2024-12-06 17:07:29,061 - INFO - Selected features: ['ADJOE', 'ADJDE', 'BARTHAG', 'EFG_O', 'EFG_D', 'TOR', 'TORD', 'ORB', 'DRB', 'FTR', 'FTRD', 'ADJ_T', 'WAB'].
2024-12-06 17:07:29,061 - INFO - Splitting data into training and testing sets.
2024-12-06 17:07:29,062 - INFO - Scaling features using StandardScaler.
2024-12-06 17:07:29,063 - INFO - Fitting the GAM model.
2024-12-06 17:07:29,397 - INFO - Predicting on test data.
2024-12-06 17:07:34,934 - INFO - Predicting seeds for cbb24.
2024-12-06 17:07:34,945 - INFO - Updating seed assignments in the main DataFrame.
2024-12-06 17:07:34,953 - INFO - Execute model on our current dataset i.e. current_cbb_live_data to get the seeds for 2024-2025 season
2024-12-06 17:07:34,954 - INFO - Splitting data into training and testing sets.
2024-12-06 17:07:34,954 - INFO - Scaling features using StandardScaler.
2024-12-06 17:07:34,956 - INFO - Fitting the GAM model.
2024-12-06 17:07:35,523 - INFO - Predicting on test data.
2024-12-06 17:07:40,999 - INFO - Predicting seeds for cbb24.
2024-12-06 17:07:41,010 - INFO - Updating seed assignments in the main DataFrame.
2024-12-06 17:07:41,017 - INFO - Run model to obtain predictions on who will be winning march madness for the 2024-25 season
2024-12-06 17:07:41,018 - INFO - Training Random Forest Classifier.
2024-12-06 17:07:41,129 - INFO - Evaluating model performance on the test set.
2024-12-06 17:07:41,138 - INFO - Applying the model to current data.
2024-12-06 17:07:41,144 - INFO - Assigning labels systematically.
2024-12-06 17:07:41,145 - INFO - Mapping assigned labels back to POSTSEASON names.
2024-12-06 17:14:23,296 - INFO - Filtering rows with non-null SEED values.
2024-12-06 17:14:23,302 - INFO - Selected features: ['feature1', 'feature2', 'feature3'].
2024-12-06 17:14:23,312 - INFO - Filtering rows with non-null SEED values.
2024-12-06 17:14:23,313 - INFO - Selected features: ['feature1', 'feature2', 'feature3'].
2024-12-06 17:14:23,313 - INFO - Splitting data into training and testing sets.
2024-12-06 17:14:23,315 - INFO - Scaling features using StandardScaler.
2024-12-06 17:14:23,473 - INFO - Updating seed assignments in the main DataFrame.
2024-12-06 17:14:23,479 - INFO - Filtering rows with non-null SEED values.
2024-12-06 17:14:23,479 - INFO - Selected features: ['feature1', 'feature2', 'feature3'].
2024-12-06 17:14:23,480 - INFO - Training Random Forest Classifier.
2024-12-06 17:14:23,556 - INFO - Evaluating model performance on the test set.
2024-12-06 17:14:23,590 - INFO - Mapping assigned labels back to POSTSEASON names.
2024-12-06 17:15:30,467 - INFO - Filtering rows with non-null SEED values.
2024-12-06 17:15:30,468 - INFO - Selected features: ['feature1', 'feature2', 'feature3'].
2024-12-06 17:15:30,469 - INFO - Updating seed assignments in the main DataFrame.
2024-12-06 17:15:30,471 - INFO - Mapping assigned labels back to POSTSEASON names.
2024-12-06 17:15:52,542 - INFO - Filtering rows with non-null SEED values.
2024-12-06 17:15:52,543 - INFO - Selected features: ['feature1', 'feature2', 'feature3'].
2024-12-06 17:15:52,546 - INFO - Updating seed assignments in the main DataFrame.
2024-12-06 17:15:52,548 - INFO - Mapping assigned labels back to POSTSEASON names.
2024-12-07 03:46:44,344 - INFO - Found credentials in shared credentials file: ~/.aws/credentials
2024-12-07 03:46:45,562 - INFO - Uploaded ../Final_Project_DE/archive/cbb22.csv to S3 as Final_Project_DE/archive/cbb22.csv.
2024-12-07 03:46:45,827 - INFO - Uploaded ../Final_Project_DE/archive/cbb22.csv to S3 as Final_Project_DE/archive/cbb22.csv.
2024-12-07 03:46:46,095 - INFO - Uploaded ../Final_Project_DE/archive/cbb22.csv to S3 as Final_Project_DE/archive/cbb22.csv.
2024-12-07 03:46:46,827 - INFO - Uploaded ../Final_Project_DE/archive/cbb22.csv to S3 as Final_Project_DE/archive/cbb22.csv.
2024-12-07 03:46:47,090 - INFO - Uploaded ../Final_Project_DE/archive/cbb16.csv to S3 as Final_Project_DE/archive/cbb16.csv.
2024-12-07 03:46:48,327 - INFO - Uploaded ../Final_Project_DE/archive/cbb.csv to S3 as Final_Project_DE/archive/cbb.csv.
2024-12-07 03:46:48,982 - INFO - Uploaded ../Final_Project_DE/archive/cbb24.csv to S3 as Final_Project_DE/archive/cbb24.csv.
2024-12-07 03:46:48,982 - INFO - Processing cbb22.csv.
2024-12-07 03:46:49,598 - INFO - Processing cbb16.csv and cbb.csv.
2024-12-07 03:46:50,103 - INFO - Filtering rows for the year 2016 in cbb.csv.
2024-12-07 03:46:50,104 - INFO - Merging cbb16.csv with filtered cbb.csv for 'POSTSEASON' and 'SEED' columns.
2024-12-07 03:46:50,107 - INFO - Combining and cleaning 'POSTSEASON' and 'SEED' columns in cbb16.csv.
2024-12-07 03:46:50,509 - INFO - Combining multiple CSV files.
2024-12-07 03:46:50,638 - INFO - Reading Final_Project_DE/archive/cbb13.csv from S3.
2024-12-07 03:46:50,783 - INFO - Reading Final_Project_DE/archive/cbb14.csv from S3.
2024-12-07 03:46:50,929 - INFO - Reading Final_Project_DE/archive/cbb15.csv from S3.
2024-12-07 03:46:51,076 - INFO - Reading Final_Project_DE/archive/cbb16.csv from S3.
2024-12-07 03:46:51,207 - INFO - Reading Final_Project_DE/archive/cbb17.csv from S3.
2024-12-07 03:46:51,364 - INFO - Reading Final_Project_DE/archive/cbb18.csv from S3.
2024-12-07 03:46:51,499 - INFO - Reading Final_Project_DE/archive/cbb19.csv from S3.
2024-12-07 03:46:51,635 - INFO - Reading Final_Project_DE/archive/cbb22.csv from S3.
2024-12-07 03:46:52,982 - INFO - Processing cbb24.csv.
2024-12-07 03:46:55,092 - INFO - Processing completed successfully.
2024-12-07 10:53:27,242 - INFO - Found credentials in shared credentials file: ~/.aws/credentials
2024-12-07 10:53:29,138 - INFO - Uploaded ../Final_Project_DE/archive/cbb22.csv to S3 as Final_Project_DE/archive/cbb22.csv.
2024-12-07 10:53:29,640 - INFO - Uploaded ../Final_Project_DE/archive/cbb22.csv to S3 as Final_Project_DE/archive/cbb22.csv.
2024-12-07 10:53:30,175 - INFO - Uploaded ../Final_Project_DE/archive/cbb22.csv to S3 as Final_Project_DE/archive/cbb22.csv.
2024-12-07 10:53:30,589 - INFO - Uploaded ../Final_Project_DE/archive/cbb22.csv to S3 as Final_Project_DE/archive/cbb22.csv.
2024-12-07 10:53:31,092 - INFO - Uploaded ../Final_Project_DE/archive/cbb16.csv to S3 as Final_Project_DE/archive/cbb16.csv.
2024-12-07 10:53:33,188 - INFO - Uploaded ../Final_Project_DE/archive/cbb.csv to S3 as Final_Project_DE/archive/cbb.csv.
2024-12-07 10:53:33,496 - INFO - Uploaded ../Final_Project_DE/archive/cbb24.csv to S3 as Final_Project_DE/archive/cbb24.csv.
2024-12-07 10:53:33,496 - INFO - Processing cbb22.csv.
2024-12-07 10:53:33,705 - ERROR - Error reading Final_Project_DE/archive/cbb22.csv from S3: name 'pd' is not defined
2024-12-07 10:54:35,148 - INFO - Found credentials in shared credentials file: ~/.aws/credentials
2024-12-07 10:54:36,442 - INFO - Uploaded ../Final_Project_DE/archive/cbb22.csv to S3 as Final_Project_DE/archive/cbb22.csv.
2024-12-07 10:54:36,776 - INFO - Uploaded ../Final_Project_DE/archive/cbb22.csv to S3 as Final_Project_DE/archive/cbb22.csv.
2024-12-07 10:54:37,142 - INFO - Uploaded ../Final_Project_DE/archive/cbb22.csv to S3 as Final_Project_DE/archive/cbb22.csv.
2024-12-07 10:54:37,418 - INFO - Uploaded ../Final_Project_DE/archive/cbb22.csv to S3 as Final_Project_DE/archive/cbb22.csv.
2024-12-07 10:54:37,712 - INFO - Uploaded ../Final_Project_DE/archive/cbb16.csv to S3 as Final_Project_DE/archive/cbb16.csv.
2024-12-07 10:54:38,332 - INFO - Uploaded ../Final_Project_DE/archive/cbb.csv to S3 as Final_Project_DE/archive/cbb.csv.
2024-12-07 10:54:38,603 - INFO - Uploaded ../Final_Project_DE/archive/cbb24.csv to S3 as Final_Project_DE/archive/cbb24.csv.
2024-12-07 10:54:38,603 - INFO - Processing cbb22.csv.
2024-12-07 10:54:39,242 - INFO - Processing cbb16.csv and cbb.csv.
2024-12-07 10:54:39,941 - INFO - Filtering rows for the year 2016 in cbb.csv.
2024-12-07 10:54:39,944 - INFO - Merging cbb16.csv with filtered cbb.csv for 'POSTSEASON' and 'SEED' columns.
2024-12-07 10:54:39,947 - INFO - Combining and cleaning 'POSTSEASON' and 'SEED' columns in cbb16.csv.
2024-12-07 10:54:40,206 - INFO - Combining multiple CSV files.
2024-12-07 10:54:41,114 - INFO - Reading Final_Project_DE/archive/cbb13.csv from S3.
2024-12-07 10:54:41,257 - INFO - Reading Final_Project_DE/archive/cbb14.csv from S3.
2024-12-07 10:54:41,499 - INFO - Reading Final_Project_DE/archive/cbb15.csv from S3.
2024-12-07 10:54:41,677 - INFO - Reading Final_Project_DE/archive/cbb16.csv from S3.
2024-12-07 10:54:41,871 - INFO - Reading Final_Project_DE/archive/cbb17.csv from S3.
2024-12-07 10:54:42,021 - INFO - Reading Final_Project_DE/archive/cbb18.csv from S3.
2024-12-07 10:54:42,183 - INFO - Reading Final_Project_DE/archive/cbb19.csv from S3.
2024-12-07 10:54:42,394 - INFO - Reading Final_Project_DE/archive/cbb21.csv from S3.
2024-12-07 10:54:42,560 - INFO - Reading Final_Project_DE/archive/cbb22.csv from S3.
2024-12-07 10:54:42,694 - INFO - Reading Final_Project_DE/archive/cbb23.csv from S3.
2024-12-07 10:54:43,710 - INFO - Processing cbb24.csv.
2024-12-07 10:54:45,574 - INFO - Processing completed successfully.
2024-12-07 10:56:24,809 - INFO - Found credentials in shared credentials file: ~/.aws/credentials
2024-12-07 10:57:19,525 - INFO - Loading training and testing datasets.
2024-12-07 10:58:42,971 - INFO - Found credentials in shared credentials file: ~/.aws/credentials
2024-12-07 10:58:44,235 - INFO - Uploaded ../Final_Project_DE/archive/cbb13.csv to S3 as Final_Project_DE/archive/cbb13.csv.
2024-12-07 10:58:44,647 - INFO - Uploaded ../Final_Project_DE/archive/cbb14.csv to S3 as Final_Project_DE/archive/cbb14.csv.
2024-12-07 10:58:44,924 - INFO - Uploaded ../Final_Project_DE/archive/cbb15.csv to S3 as Final_Project_DE/archive/cbb15.csv.
2024-12-07 10:58:45,193 - INFO - Uploaded ../Final_Project_DE/archive/cbb16.csv to S3 as Final_Project_DE/archive/cbb16.csv.
2024-12-07 10:58:45,500 - INFO - Uploaded ../Final_Project_DE/archive/cbb17.csv to S3 as Final_Project_DE/archive/cbb17.csv.
2024-12-07 10:58:45,824 - INFO - Uploaded ../Final_Project_DE/archive/cbb19.csv to S3 as Final_Project_DE/archive/cbb19.csv.
2024-12-07 10:58:46,187 - INFO - Uploaded ../Final_Project_DE/archive/cbb18.csv to S3 as Final_Project_DE/archive/cbb18.csv.
2024-12-07 10:58:46,519 - INFO - Uploaded ../Final_Project_DE/archive/cbb21.csv to S3 as Final_Project_DE/archive/cbb21.csv.
2024-12-07 10:58:46,871 - INFO - Uploaded ../Final_Project_DE/archive/cbb22.csv to S3 as Final_Project_DE/archive/cbb22.csv.
2024-12-07 10:58:47,279 - INFO - Uploaded ../Final_Project_DE/archive/cbb23.csv to S3 as Final_Project_DE/archive/cbb23.csv.
2024-12-07 10:58:47,579 - INFO - Uploaded ../Final_Project_DE/archive/cbb24.csv to S3 as Final_Project_DE/archive/cbb24.csv.
2024-12-07 10:58:48,381 - INFO - Uploaded ../Final_Project_DE/archive/cbb.csv to S3 as Final_Project_DE/archive/cbb.csv.
2024-12-07 10:58:48,381 - INFO - Processing cbb22.csv.
2024-12-07 10:58:49,326 - INFO - Processing cbb16.csv and cbb.csv.
2024-12-07 10:58:49,868 - INFO - Filtering rows for the year 2016 in cbb.csv.
2024-12-07 10:58:49,869 - INFO - Merging cbb16.csv with filtered cbb.csv for 'POSTSEASON' and 'SEED' columns.
2024-12-07 10:58:49,871 - INFO - Combining and cleaning 'POSTSEASON' and 'SEED' columns in cbb16.csv.
2024-12-07 10:58:50,243 - INFO - Combining multiple CSV files.
2024-12-07 10:58:51,165 - INFO - Reading Final_Project_DE/archive/cbb13.csv from S3.
2024-12-07 10:58:51,301 - INFO - Reading Final_Project_DE/archive/cbb14.csv from S3.
2024-12-07 10:58:51,439 - INFO - Reading Final_Project_DE/archive/cbb15.csv from S3.
2024-12-07 10:58:51,574 - INFO - Reading Final_Project_DE/archive/cbb16.csv from S3.
2024-12-07 10:58:51,712 - INFO - Reading Final_Project_DE/archive/cbb17.csv from S3.
2024-12-07 10:58:51,852 - INFO - Reading Final_Project_DE/archive/cbb18.csv from S3.
2024-12-07 10:58:51,995 - INFO - Reading Final_Project_DE/archive/cbb19.csv from S3.
2024-12-07 10:58:52,135 - INFO - Reading Final_Project_DE/archive/cbb21.csv from S3.
2024-12-07 10:58:52,280 - INFO - Reading Final_Project_DE/archive/cbb22.csv from S3.
2024-12-07 10:58:52,480 - INFO - Reading Final_Project_DE/archive/cbb23.csv from S3.
2024-12-07 10:58:53,339 - INFO - Processing cbb24.csv.
2024-12-07 10:58:54,382 - INFO - Processing completed successfully.
2024-12-07 10:58:59,341 - INFO - Loading training and testing datasets.
2024-12-07 11:03:08,142 - INFO - Found credentials in shared credentials file: ~/.aws/credentials
2024-12-07 11:03:08,180 - INFO - Loading training and testing datasets.
2024-12-07 11:03:09,909 - INFO - Filtering rows with non-null SEED values.
2024-12-07 11:03:09,911 - INFO - Selected features: ['ADJOE', 'ADJDE', 'BARTHAG', 'EFG_O', 'EFG_D', 'TOR', 'TORD', 'ORB', 'DRB', 'FTR', 'FTRD', 'ADJ_T', 'WAB'].
2024-12-07 11:03:09,912 - INFO - Splitting data into training and testing sets.
2024-12-07 11:03:09,915 - INFO - Scaling features using StandardScaler.
2024-12-07 11:03:09,918 - INFO - Fitting the GAM model.
2024-12-07 11:03:10,303 - INFO - Predicting on test data.
2024-12-07 11:03:16,416 - INFO - Predicting seeds for cbb24.
2024-12-07 11:03:16,424 - INFO - Updating seed assignments in the main DataFrame.
2024-12-07 11:03:16,429 - INFO - Execute model on our current dataset i.e. current_cbb_live_data to get the seeds for 2024-2025 season
2024-12-07 11:03:16,430 - INFO - Splitting data into training and testing sets.
2024-12-07 11:03:16,430 - INFO - Scaling features using StandardScaler.
2024-12-07 11:03:16,431 - INFO - Fitting the GAM model.
2024-12-07 11:03:17,011 - INFO - Predicting on test data.
2024-12-07 11:03:22,252 - INFO - Predicting seeds for cbb24.
2024-12-07 11:03:22,260 - INFO - Updating seed assignments in the main DataFrame.
2024-12-07 11:03:22,269 - INFO - Run model to obtain predictions on who will be winning march madness for the 2024-25 season
2024-12-07 11:03:22,270 - INFO - Training Random Forest Classifier.
2024-12-07 11:03:22,418 - INFO - Evaluating model performance on the test set.
2024-12-07 11:03:22,428 - INFO - Applying the model to current data.
2024-12-07 11:03:22,433 - INFO - Assigning labels systematically.
2024-12-07 11:03:22,434 - INFO - Mapping assigned labels back to POSTSEASON names.
2024-12-07 11:23:32,282 - INFO - Found credentials in shared credentials file: ~/.aws/credentials
2024-12-07 11:23:41,255 - INFO - Found credentials in shared credentials file: ~/.aws/credentials
2024-12-07 11:23:42,989 - INFO - Uploaded ../Final_Project_DE/archive/cbb13.csv to S3 as Final_Project_DE/archive/cbb13.csv.
2024-12-07 11:23:43,520 - INFO - Uploaded ../Final_Project_DE/archive/cbb14.csv to S3 as Final_Project_DE/archive/cbb14.csv.
2024-12-07 11:23:44,034 - INFO - Uploaded ../Final_Project_DE/archive/cbb15.csv to S3 as Final_Project_DE/archive/cbb15.csv.
2024-12-07 11:23:44,458 - INFO - Uploaded ../Final_Project_DE/archive/cbb16.csv to S3 as Final_Project_DE/archive/cbb16.csv.
2024-12-07 11:23:44,847 - INFO - Uploaded ../Final_Project_DE/archive/cbb17.csv to S3 as Final_Project_DE/archive/cbb17.csv.
2024-12-07 11:23:45,221 - INFO - Uploaded ../Final_Project_DE/archive/cbb19.csv to S3 as Final_Project_DE/archive/cbb19.csv.
2024-12-07 11:23:45,625 - INFO - Uploaded ../Final_Project_DE/archive/cbb18.csv to S3 as Final_Project_DE/archive/cbb18.csv.
2024-12-07 11:23:46,045 - INFO - Uploaded ../Final_Project_DE/archive/cbb21.csv to S3 as Final_Project_DE/archive/cbb21.csv.
2024-12-07 11:23:46,447 - INFO - Uploaded ../Final_Project_DE/archive/cbb22.csv to S3 as Final_Project_DE/archive/cbb22.csv.
2024-12-07 11:23:46,826 - INFO - Uploaded ../Final_Project_DE/archive/cbb23.csv to S3 as Final_Project_DE/archive/cbb23.csv.
2024-12-07 11:23:47,207 - INFO - Uploaded ../Final_Project_DE/archive/cbb24.csv to S3 as Final_Project_DE/archive/cbb24.csv.
2024-12-07 11:23:48,674 - INFO - Uploaded ../Final_Project_DE/archive/cbb.csv to S3 as Final_Project_DE/archive/cbb.csv.
2024-12-07 11:23:48,674 - INFO - Processing cbb22.csv.
2024-12-07 11:23:49,226 - INFO - Processing cbb16.csv and cbb.csv.
2024-12-07 11:23:49,798 - INFO - Filtering rows for the year 2016 in cbb.csv.
2024-12-07 11:23:49,800 - INFO - Merging cbb16.csv with filtered cbb.csv for 'POSTSEASON' and 'SEED' columns.
2024-12-07 11:23:49,805 - INFO - Combining and cleaning 'POSTSEASON' and 'SEED' columns in cbb16.csv.
2024-12-07 11:23:50,464 - INFO - Combining multiple CSV files.
2024-12-07 11:23:51,289 - INFO - Reading Final_Project_DE/archive/cbb13.csv from S3.
2024-12-07 11:23:51,419 - INFO - Reading Final_Project_DE/archive/cbb14.csv from S3.
2024-12-07 11:23:51,553 - INFO - Reading Final_Project_DE/archive/cbb15.csv from S3.
2024-12-07 11:23:51,684 - INFO - Reading Final_Project_DE/archive/cbb16.csv from S3.
2024-12-07 11:23:51,811 - INFO - Reading Final_Project_DE/archive/cbb17.csv from S3.
2024-12-07 11:23:51,940 - INFO - Reading Final_Project_DE/archive/cbb18.csv from S3.
2024-12-07 11:23:52,063 - INFO - Reading Final_Project_DE/archive/cbb19.csv from S3.
2024-12-07 11:23:52,194 - INFO - Reading Final_Project_DE/archive/cbb21.csv from S3.
2024-12-07 11:23:52,323 - INFO - Reading Final_Project_DE/archive/cbb22.csv from S3.
2024-12-07 11:23:52,448 - INFO - Reading Final_Project_DE/archive/cbb23.csv from S3.
2024-12-07 11:23:53,754 - INFO - Processing cbb24.csv.
2024-12-07 11:23:55,112 - INFO - Processing completed successfully.
2024-12-07 11:23:55,112 - INFO - Extracting data from Bart Torvik.
2024-12-07 11:23:56,904 - INFO - Bart Torvik data extraction and upload completed.
2024-12-07 11:29:43,455 - INFO - Found credentials in shared credentials file: ~/.aws/credentials
2024-12-07 11:29:43,503 - INFO - Loading training and testing datasets.
2024-12-07 11:29:45,035 - INFO - Filtering rows with non-null SEED values.
2024-12-07 11:29:45,042 - INFO - Selected features: ['ADJOE', 'ADJDE', 'BARTHAG', 'EFG_O', 'EFG_D', 'TOR', 'TORD', 'ORB', 'DRB', 'FTR', 'FTRD', 'ADJ_T', 'WAB'].
2024-12-07 11:29:45,044 - INFO - Splitting data into training and testing sets.
2024-12-07 11:29:45,047 - INFO - Scaling features using StandardScaler.
2024-12-07 11:29:45,050 - INFO - Fitting the GAM model.
2024-12-07 11:29:45,475 - INFO - Predicting on test data.
2024-12-07 11:29:51,988 - INFO - Predicting seeds for cbb24.
2024-12-07 11:29:51,997 - INFO - Updating seed assignments in the main DataFrame.
2024-12-07 11:29:52,634 - INFO - Execute model on our current dataset i.e. current_cbb_live_data to get the seeds for 2024-2025 season
2024-12-07 11:29:52,635 - INFO - Splitting data into training and testing sets.
2024-12-07 11:29:52,636 - INFO - Scaling features using StandardScaler.
2024-12-07 11:29:52,640 - INFO - Fitting the GAM model.
2024-12-07 11:29:52,995 - INFO - Predicting on test data.
2024-12-07 11:29:58,245 - INFO - Predicting seeds for cbb24.
2024-12-07 11:29:58,252 - INFO - Updating seed assignments in the main DataFrame.
2024-12-07 11:29:58,512 - INFO - Run model to obtain predictions on who will be winning march madness for the 2024-25 season
2024-12-07 11:29:58,513 - INFO - Training Random Forest Classifier.
2024-12-07 11:29:58,598 - INFO - Evaluating model performance on the test set.
2024-12-07 11:29:58,603 - INFO - Applying the model to current data.
2024-12-07 11:29:58,606 - INFO - Assigning labels systematically.
2024-12-07 11:29:58,606 - INFO - Mapping assigned labels back to POSTSEASON names.
2024-12-07 15:39:25,386 - INFO - Found credentials in shared credentials file: ~/.aws/credentials
2024-12-07 15:40:59,337 - INFO - Found credentials in shared credentials file: ~/.aws/credentials
2024-12-07 15:41:00,502 - INFO - Uploaded DataFrame to S3 as test.csv.
2024-12-07 15:41:00,655 - ERROR - Error reading test.csv from S3: No columns to parse from file
2024-12-07 15:43:24,746 - INFO - Found credentials in shared credentials file: ~/.aws/credentials
2024-12-07 15:43:25,951 - INFO - Uploaded DataFrame to S3 as test.csv.
2024-12-07 15:43:26,176 - ERROR - Error reading test.csv from S3: No columns to parse from file
2024-12-07 15:44:33,284 - INFO - Found credentials in shared credentials file: ~/.aws/credentials
2024-12-07 15:44:34,489 - INFO - Uploaded DataFrame to S3 as test.csv.
2024-12-07 20:25:28,888 - INFO - Found credentials in shared credentials file: ~/.aws/credentials
2024-12-07 20:25:29,197 - INFO - Filtering rows with non-null SEED values.
2024-12-07 20:25:29,200 - INFO - Selected features: ['feature1', 'feature2', 'feature3'].
2024-12-07 20:25:29,204 - INFO - Updating seed assignments in the main DataFrame.
2024-12-07 20:25:29,209 - INFO - Mapping assigned labels back to POSTSEASON names.
2024-12-06 22:01:16,292 - INFO - Found credentials in environment variables.
2024-12-06 22:01:19,771 - INFO - Uploaded ../Final_Project_DE/archive/cbb22.csv to S3 as Final_Project_DE/archive/cbb22.csv.
2024-12-06 22:01:21,198 - INFO - Uploaded ../Final_Project_DE/archive/cbb22.csv to S3 as Final_Project_DE/archive/cbb22.csv.
2024-12-06 22:01:22,362 - INFO - Uploaded ../Final_Project_DE/archive/cbb22.csv to S3 as Final_Project_DE/archive/cbb22.csv.
2024-12-06 22:01:23,330 - INFO - Uploaded ../Final_Project_DE/archive/cbb22.csv to S3 as Final_Project_DE/archive/cbb22.csv.
2024-12-06 22:01:24,244 - INFO - Uploaded ../Final_Project_DE/archive/cbb16.csv to S3 as Final_Project_DE/archive/cbb16.csv.
2024-12-06 22:01:26,596 - INFO - Uploaded ../Final_Project_DE/archive/cbb.csv to S3 as Final_Project_DE/archive/cbb.csv.
2024-12-06 22:01:27,231 - INFO - Uploaded ../Final_Project_DE/archive/cbb24.csv to S3 as Final_Project_DE/archive/cbb24.csv.
2024-12-06 22:01:27,231 - INFO - Processing cbb22.csv.
2024-12-06 22:01:28,564 - INFO - Processing cbb16.csv and cbb.csv.
2024-12-06 22:01:30,931 - INFO - Filtering rows for the year 2016 in cbb.csv.
2024-12-06 22:01:30,932 - INFO - Merging cbb16.csv with filtered cbb.csv for 'POSTSEASON' and 'SEED' columns.
2024-12-06 22:01:30,935 - INFO - Combining and cleaning 'POSTSEASON' and 'SEED' columns in cbb16.csv.
2024-12-06 22:01:31,638 - INFO - Combining multiple CSV files.
2024-12-06 22:01:31,959 - INFO - Reading Final_Project_DE/archive/cbb16.csv from S3.
2024-12-06 22:01:32,265 - INFO - Reading Final_Project_DE/archive/cbb22.csv from S3.
2024-12-06 22:01:33,478 - INFO - Processing cbb24.csv.
2024-12-06 22:01:35,267 - INFO - Processing completed successfully.
2024-12-08 12:36:15,418 - INFO - Found credentials in environment variables.
2024-12-08 12:36:15,488 - INFO - Loading training and testing datasets.
2024-12-08 12:36:19,780 - INFO - Filtering rows with non-null SEED values.
2024-12-08 12:36:19,784 - INFO - Selected features: ['ADJOE', 'ADJDE', 'BARTHAG', 'EFG_O', 'EFG_D', 'TOR', 'TORD', 'ORB', 'DRB', 'FTR', 'FTRD', 'ADJ_T', 'WAB'].
2024-12-08 12:36:19,786 - INFO - Splitting data into training and testing sets.
2024-12-08 12:36:19,788 - INFO - Scaling features using StandardScaler.
2024-12-08 12:36:19,791 - INFO - Fitting the GAM model.
2024-12-08 12:36:20,144 - INFO - Predicting on test data.
2024-12-08 12:36:27,678 - INFO - Predicting seeds for cbb24.
2024-12-08 12:36:27,691 - INFO - Updating seed assignments in the main DataFrame.
2024-12-08 12:36:29,449 - INFO - Execute model on our current dataset i.e. current_cbb_live_data to get the seeds for 2024-2025 season
2024-12-08 12:36:29,450 - INFO - Splitting data into training and testing sets.
2024-12-08 12:36:29,451 - INFO - Scaling features using StandardScaler.
2024-12-08 12:36:29,454 - INFO - Fitting the GAM model.
2024-12-08 12:36:29,822 - INFO - Predicting on test data.
2024-12-08 12:36:36,947 - INFO - Predicting seeds for cbb24.
2024-12-08 12:36:36,960 - INFO - Updating seed assignments in the main DataFrame.
2024-12-08 12:36:38,165 - INFO - Run model to obtain predictions on who will be winning march madness for the 2024-25 season
2024-12-08 12:36:38,167 - INFO - Training Random Forest Classifier.
2024-12-08 12:36:38,291 - INFO - Evaluating model performance on the test set.
2024-12-08 12:36:38,299 - INFO - Applying the model to current data.
2024-12-08 12:36:38,302 - INFO - Assigning labels systematically.
2024-12-08 12:36:38,303 - INFO - Mapping assigned labels back to POSTSEASON names.
2024-12-08 07:11:40,402 - INFO - Found credentials in shared credentials file: ~/.aws/credentials
2024-12-08 07:11:40,485 - INFO - Extracting data from Bart Torvik.
2024-12-08 07:11:43,697 - INFO - Uploaded ../Final_Project_DE/archive/cbb13.csv to S3 as Final_Project_DE/archive/cbb13.csv.
2024-12-08 07:11:44,215 - INFO - Uploaded ../Final_Project_DE/archive/cbb14.csv to S3 as Final_Project_DE/archive/cbb14.csv.
2024-12-08 07:11:44,686 - INFO - Uploaded ../Final_Project_DE/archive/cbb15.csv to S3 as Final_Project_DE/archive/cbb15.csv.
2024-12-08 07:11:45,083 - INFO - Uploaded ../Final_Project_DE/archive/cbb16.csv to S3 as Final_Project_DE/archive/cbb16.csv.
2024-12-08 07:11:45,450 - INFO - Uploaded ../Final_Project_DE/archive/cbb17.csv to S3 as Final_Project_DE/archive/cbb17.csv.
2024-12-08 07:11:45,855 - INFO - Uploaded ../Final_Project_DE/archive/cbb19.csv to S3 as Final_Project_DE/archive/cbb19.csv.
2024-12-08 07:11:46,238 - INFO - Uploaded ../Final_Project_DE/archive/cbb18.csv to S3 as Final_Project_DE/archive/cbb18.csv.
2024-12-08 07:11:46,615 - INFO - Uploaded ../Final_Project_DE/archive/cbb21.csv to S3 as Final_Project_DE/archive/cbb21.csv.
2024-12-08 07:11:47,020 - INFO - Uploaded ../Final_Project_DE/archive/cbb22.csv to S3 as Final_Project_DE/archive/cbb22.csv.
2024-12-08 07:11:47,414 - INFO - Uploaded ../Final_Project_DE/archive/cbb23.csv to S3 as Final_Project_DE/archive/cbb23.csv.
2024-12-08 07:11:47,797 - INFO - Uploaded ../Final_Project_DE/archive/cbb24.csv to S3 as Final_Project_DE/archive/cbb24.csv.
2024-12-08 07:11:49,160 - INFO - Uploaded ../Final_Project_DE/archive/cbb.csv to S3 as Final_Project_DE/archive/cbb.csv.
2024-12-08 07:11:49,160 - INFO - Processing cbb22.csv.
2024-12-08 07:11:49,690 - INFO - Processing cbb16.csv and cbb.csv.
2024-12-08 07:11:50,888 - INFO - Combining multiple CSV files.
2024-12-08 07:11:54,729 - INFO - Processing cbb24.csv.
2024-12-08 07:15:06,952 - INFO - Found credentials in shared credentials file: ~/.aws/credentials
2024-12-08 07:15:06,996 - INFO - Loading training and testing datasets.
2024-12-08 07:15:08,554 - INFO - Filtering rows with non-null SEED values.
2024-12-08 07:15:08,559 - INFO - Selected features: ['ADJOE', 'ADJDE', 'BARTHAG', 'EFG_O', 'EFG_D', 'TOR', 'TORD', 'ORB', 'DRB', 'FTR', 'FTRD', 'ADJ_T', 'WAB'].
2024-12-08 07:15:08,561 - INFO - Splitting data into training and testing sets.
2024-12-08 07:15:08,562 - INFO - Scaling features using StandardScaler.
2024-12-08 07:15:08,566 - INFO - Fitting the GAM model.
2024-12-08 07:15:08,940 - INFO - Predicting on test data.
2024-12-08 07:15:15,273 - INFO - Predicting seeds for cbb24.
2024-12-08 07:15:15,285 - INFO - Updating seed assignments in the main DataFrame.
2024-12-08 07:15:15,838 - INFO - Execute model on our current dataset i.e. current_cbb_live_data to get the seeds for 2024-2025 season
2024-12-08 07:15:15,839 - INFO - Splitting data into training and testing sets.
2024-12-08 07:15:15,841 - INFO - Scaling features using StandardScaler.
2024-12-08 07:15:15,843 - INFO - Fitting the GAM model.
2024-12-08 07:15:16,188 - INFO - Predicting on test data.
2024-12-08 07:15:22,720 - INFO - Predicting seeds for cbb24.
2024-12-08 07:15:22,730 - INFO - Updating seed assignments in the main DataFrame.
2024-12-08 07:15:23,368 - INFO - Run model to obtain predictions on who will be winning march madness for the 2024-25 season
2024-12-08 07:15:23,372 - INFO - Training Random Forest Classifier.
2024-12-08 07:15:23,479 - INFO - Evaluating model performance on the test set.
2024-12-08 07:15:23,485 - INFO - Applying the model to current data.
2024-12-08 07:15:23,488 - INFO - Assigning labels systematically.
2024-12-08 07:15:23,488 - INFO - Mapping assigned labels back to POSTSEASON names.
2024-12-08 07:17:31,265 - INFO - Found credentials in shared credentials file: ~/.aws/credentials
2024-12-08 07:17:31,308 - INFO - Extracting data from Bart Torvik.
2024-12-08 07:17:34,859 - INFO - Uploaded ../Final_Project_DE/archive/cbb13.csv to S3 as Final_Project_DE/archive/cbb13.csv.
2024-12-08 07:17:35,250 - INFO - Uploaded ../Final_Project_DE/archive/cbb14.csv to S3 as Final_Project_DE/archive/cbb14.csv.
2024-12-08 07:17:35,618 - INFO - Uploaded ../Final_Project_DE/archive/cbb15.csv to S3 as Final_Project_DE/archive/cbb15.csv.
2024-12-08 07:17:36,001 - INFO - Uploaded ../Final_Project_DE/archive/cbb16.csv to S3 as Final_Project_DE/archive/cbb16.csv.
2024-12-08 07:17:36,401 - INFO - Uploaded ../Final_Project_DE/archive/cbb17.csv to S3 as Final_Project_DE/archive/cbb17.csv.
2024-12-08 07:17:36,792 - INFO - Uploaded ../Final_Project_DE/archive/cbb19.csv to S3 as Final_Project_DE/archive/cbb19.csv.
2024-12-08 07:17:37,202 - INFO - Uploaded ../Final_Project_DE/archive/cbb18.csv to S3 as Final_Project_DE/archive/cbb18.csv.
2024-12-08 07:17:37,595 - INFO - Uploaded ../Final_Project_DE/archive/cbb21.csv to S3 as Final_Project_DE/archive/cbb21.csv.
2024-12-08 07:17:37,969 - INFO - Uploaded ../Final_Project_DE/archive/cbb22.csv to S3 as Final_Project_DE/archive/cbb22.csv.
2024-12-08 07:17:38,362 - INFO - Uploaded ../Final_Project_DE/archive/cbb23.csv to S3 as Final_Project_DE/archive/cbb23.csv.
2024-12-08 07:17:38,766 - INFO - Uploaded ../Final_Project_DE/archive/cbb24.csv to S3 as Final_Project_DE/archive/cbb24.csv.
2024-12-08 07:17:39,917 - INFO - Uploaded ../Final_Project_DE/archive/cbb.csv to S3 as Final_Project_DE/archive/cbb.csv.
2024-12-08 07:17:39,917 - INFO - Processing cbb22.csv.
2024-12-08 07:17:40,428 - INFO - Processing cbb16.csv and cbb.csv.
2024-12-08 07:17:41,351 - INFO - Combining multiple CSV files.
2024-12-08 07:17:44,152 - INFO - Processing cbb24.csv.
2024-12-08 07:18:19,910 - INFO - Found credentials in shared credentials file: ~/.aws/credentials
2024-12-08 07:18:19,948 - INFO - Loading training and testing datasets.
2024-12-08 07:18:21,416 - INFO - Filtering rows with non-null SEED values.
2024-12-08 07:18:21,418 - INFO - Selected features: ['ADJOE', 'ADJDE', 'BARTHAG', 'EFG_O', 'EFG_D', 'TOR', 'TORD', 'ORB', 'DRB', 'FTR', 'FTRD', 'ADJ_T', 'WAB'].
2024-12-08 07:18:21,419 - INFO - Splitting data into training and testing sets.
2024-12-08 07:18:21,422 - INFO - Scaling features using StandardScaler.
2024-12-08 07:18:21,427 - INFO - Fitting the GAM model.
2024-12-08 07:18:21,792 - INFO - Predicting on test data.
2024-12-08 07:18:27,170 - INFO - Predicting seeds for cbb24.
2024-12-08 07:18:27,178 - INFO - Updating seed assignments in the main DataFrame.
2024-12-08 07:18:27,313 - INFO - Execute model on our current dataset i.e. current_cbb_live_data to get the seeds for 2024-2025 season
2024-12-08 07:18:27,314 - INFO - Splitting data into training and testing sets.
2024-12-08 07:18:27,314 - INFO - Scaling features using StandardScaler.
2024-12-08 07:18:27,317 - INFO - Fitting the GAM model.
2024-12-08 07:18:27,676 - INFO - Predicting on test data.
2024-12-08 07:18:33,148 - INFO - Predicting seeds for cbb24.
2024-12-08 07:18:33,158 - INFO - Updating seed assignments in the main DataFrame.
2024-12-08 07:18:33,402 - INFO - Run model to obtain predictions on who will be winning march madness for the 2024-25 season
2024-12-08 07:18:33,404 - INFO - Training Random Forest Classifier.
2024-12-08 07:18:33,492 - INFO - Evaluating model performance on the test set.
2024-12-08 07:18:33,498 - INFO - Applying the model to current data.
2024-12-08 07:18:33,500 - INFO - Assigning labels systematically.
2024-12-08 07:18:33,501 - INFO - Mapping assigned labels back to POSTSEASON names.
2024-12-08 22:55:10,606 - INFO - Found credentials in environment variables.
2024-12-08 22:55:10,689 - INFO - Extracting data from Bart Torvik.
2024-12-08 22:55:18,635 - INFO - Uploaded ../Final_Project_DE/archive/cbb13.csv to S3 as Final_Project_DE/archive/cbb13.csv.
2024-12-08 22:55:20,374 - INFO - Uploaded ../Final_Project_DE/archive/cbb14.csv to S3 as Final_Project_DE/archive/cbb14.csv.
2024-12-08 22:55:22,097 - INFO - Uploaded ../Final_Project_DE/archive/cbb15.csv to S3 as Final_Project_DE/archive/cbb15.csv.
2024-12-08 22:55:24,130 - INFO - Uploaded ../Final_Project_DE/archive/cbb16.csv to S3 as Final_Project_DE/archive/cbb16.csv.
2024-12-08 22:55:26,130 - INFO - Uploaded ../Final_Project_DE/archive/cbb17.csv to S3 as Final_Project_DE/archive/cbb17.csv.
2024-12-08 22:55:28,140 - INFO - Uploaded ../Final_Project_DE/archive/cbb19.csv to S3 as Final_Project_DE/archive/cbb19.csv.
2024-12-08 22:55:29,875 - INFO - Uploaded ../Final_Project_DE/archive/cbb18.csv to S3 as Final_Project_DE/archive/cbb18.csv.
2024-12-08 22:55:31,610 - INFO - Uploaded ../Final_Project_DE/archive/cbb21.csv to S3 as Final_Project_DE/archive/cbb21.csv.
2024-12-08 22:55:33,610 - INFO - Uploaded ../Final_Project_DE/archive/cbb22.csv to S3 as Final_Project_DE/archive/cbb22.csv.
2024-12-08 22:55:36,854 - INFO - Found credentials in environment variables.
2024-12-08 22:55:36,918 - INFO - Extracting data from Bart Torvik.
2024-12-08 22:55:58,004 - INFO - Found credentials in environment variables.
2024-12-08 22:55:58,074 - INFO - Extracting data from Bart Torvik.
2024-12-08 22:56:01,734 - INFO - Found credentials in environment variables.
2024-12-08 22:56:01,791 - INFO - Extracting data from Bart Torvik.
2024-12-08 22:56:04,413 - INFO - Found credentials in environment variables.
2024-12-08 22:56:04,470 - INFO - Extracting data from Bart Torvik.
2024-12-08 22:56:05,930 - INFO - Found credentials in environment variables.
2024-12-08 22:56:05,992 - INFO - Extracting data from Bart Torvik.
2024-12-08 22:56:10,024 - INFO - Found credentials in environment variables.
2024-12-08 22:56:10,081 - INFO - Extracting data from Bart Torvik.
2024-12-08 22:56:17,151 - INFO - Uploaded ../Final_Project_DE/archive/cbb13.csv to S3 as Final_Project_DE/archive/cbb13.csv.
2024-12-08 22:56:18,016 - INFO - Uploaded ../Final_Project_DE/archive/cbb14.csv to S3 as Final_Project_DE/archive/cbb14.csv.
2024-12-08 22:56:18,886 - INFO - Uploaded ../Final_Project_DE/archive/cbb15.csv to S3 as Final_Project_DE/archive/cbb15.csv.
2024-12-08 22:56:19,801 - INFO - Uploaded ../Final_Project_DE/archive/cbb16.csv to S3 as Final_Project_DE/archive/cbb16.csv.
2024-12-08 22:56:20,689 - INFO - Uploaded ../Final_Project_DE/archive/cbb17.csv to S3 as Final_Project_DE/archive/cbb17.csv.
2024-12-08 22:56:21,287 - INFO - Uploaded ../Final_Project_DE/archive/cbb19.csv to S3 as Final_Project_DE/archive/cbb19.csv.
2024-12-08 22:56:21,902 - INFO - Uploaded ../Final_Project_DE/archive/cbb18.csv to S3 as Final_Project_DE/archive/cbb18.csv.
2024-12-08 22:56:22,482 - INFO - Uploaded ../Final_Project_DE/archive/cbb21.csv to S3 as Final_Project_DE/archive/cbb21.csv.
2024-12-08 22:56:23,095 - INFO - Uploaded ../Final_Project_DE/archive/cbb22.csv to S3 as Final_Project_DE/archive/cbb22.csv.
2024-12-08 22:56:23,699 - INFO - Uploaded ../Final_Project_DE/archive/cbb23.csv to S3 as Final_Project_DE/archive/cbb23.csv.
2024-12-08 22:56:24,313 - INFO - Uploaded ../Final_Project_DE/archive/cbb24.csv to S3 as Final_Project_DE/archive/cbb24.csv.
2024-12-08 22:56:25,538 - INFO - Uploaded ../Final_Project_DE/archive/cbb.csv to S3 as Final_Project_DE/archive/cbb.csv.
2024-12-08 22:56:25,539 - INFO - Processing cbb22.csv.
2024-12-08 22:56:26,710 - INFO - Processing cbb16.csv and cbb.csv.
2024-12-08 22:56:28,477 - INFO - Combining multiple CSV files.
2024-12-08 22:56:34,356 - INFO - Processing cbb24.csv.
2024-12-08 22:56:35,962 - INFO - Loading training and testing datasets.
2024-12-08 22:56:36,850 - INFO - Filtering rows with non-null SEED values.
2024-12-08 22:56:36,853 - INFO - Selected features: ['ADJOE', 'ADJDE', 'BARTHAG', 'EFG_O', 'EFG_D', 'TOR', 'TORD', 'ORB', 'DRB', 'FTR', 'FTRD', 'ADJ_T', 'WAB'].
2024-12-08 22:56:36,855 - INFO - Splitting data into training and testing sets.
2024-12-08 22:56:36,859 - INFO - Scaling features using StandardScaler.
2024-12-08 22:56:36,865 - INFO - Fitting the GAM model.
2024-12-08 22:56:37,602 - INFO - Predicting on test data.
2024-12-08 22:56:47,711 - INFO - Predicting seeds for cbb24.
2024-12-08 22:56:47,725 - INFO - Updating seed assignments in the main DataFrame.
2024-12-08 22:56:50,106 - INFO - Execute model on our current dataset i.e. current_cbb_live_data to get the seeds for 2024-2025 season
2024-12-08 22:56:50,107 - INFO - Splitting data into training and testing sets.
2024-12-08 22:56:50,109 - INFO - Scaling features using StandardScaler.
2024-12-08 22:56:50,113 - INFO - Fitting the GAM model.
2024-12-08 22:56:50,643 - INFO - Predicting on test data.
2024-12-08 22:56:59,174 - INFO - Predicting seeds for cbb24.
2024-12-08 22:56:59,189 - INFO - Updating seed assignments in the main DataFrame.
2024-12-08 22:57:00,370 - INFO - Run model to obtain predictions on who will be winning march madness for the 2024-25 season
2024-12-08 22:57:00,376 - INFO - Training Random Forest Classifier.
2024-12-08 22:57:00,508 - INFO - Evaluating model performance on the test set.
2024-12-08 22:57:00,518 - INFO - Applying the model to current data.
2024-12-08 22:57:00,522 - INFO - Assigning labels systematically.
2024-12-08 22:57:00,523 - INFO - Mapping assigned labels back to POSTSEASON names.
2024-12-08 22:57:01,370 - INFO - Initializing March Madness Predictor Flask application.
2024-12-08 22:57:01,371 - INFO - Loading data from cbb25_seeded_20241122.csv
2024-12-08 22:57:01,385 - INFO - Data loaded and processed successfully.
2024-12-08 22:57:01,385 - INFO - Predicting Final Four results.
2024-12-08 22:57:01,385 - INFO - Final Four prediction completed: {'final_four': ['Houston', 'Arizona', 'Auburn', 'Duke'], 'runner_up': 'Arizona', 'winner': 'Houston'}
2024-12-08 22:57:01,387 - INFO - Starting Flask application.
2024-12-08 22:57:01,398 - INFO - [31m[1mWARNING: This is a development server. Do not use it in a production deployment. Use a production WSGI server instead.[0m
 * Running on all addresses (0.0.0.0)
 * Running on http://127.0.0.1:8080
 * Running on http://192.168.29.202:8080
2024-12-08 22:57:01,398 - INFO - [33mPress CTRL+C to quit[0m
2024-12-08 22:58:21,864 - INFO - Found credentials in environment variables.
2024-12-08 22:58:21,940 - INFO - Extracting data from Bart Torvik.
2024-12-08 22:58:29,728 - INFO - Uploaded ../Final_Project_DE/archive/cbb13.csv to S3 as Final_Project_DE/archive/cbb13.csv.
2024-12-08 22:58:31,495 - INFO - Uploaded ../Final_Project_DE/archive/cbb14.csv to S3 as Final_Project_DE/archive/cbb14.csv.
2024-12-08 22:58:32,702 - INFO - Uploaded ../Final_Project_DE/archive/cbb15.csv to S3 as Final_Project_DE/archive/cbb15.csv.
2024-12-08 22:58:33,894 - INFO - Uploaded ../Final_Project_DE/archive/cbb16.csv to S3 as Final_Project_DE/archive/cbb16.csv.
2024-12-08 22:58:34,831 - INFO - Uploaded ../Final_Project_DE/archive/cbb17.csv to S3 as Final_Project_DE/archive/cbb17.csv.
2024-12-08 22:58:35,740 - INFO - Uploaded ../Final_Project_DE/archive/cbb19.csv to S3 as Final_Project_DE/archive/cbb19.csv.
2024-12-08 22:58:36,665 - INFO - Uploaded ../Final_Project_DE/archive/cbb18.csv to S3 as Final_Project_DE/archive/cbb18.csv.
2024-12-08 22:58:37,283 - INFO - Uploaded ../Final_Project_DE/archive/cbb21.csv to S3 as Final_Project_DE/archive/cbb21.csv.
2024-12-08 22:58:37,897 - INFO - Uploaded ../Final_Project_DE/archive/cbb22.csv to S3 as Final_Project_DE/archive/cbb22.csv.
2024-12-08 22:58:38,503 - INFO - Uploaded ../Final_Project_DE/archive/cbb23.csv to S3 as Final_Project_DE/archive/cbb23.csv.
2024-12-08 22:58:39,145 - INFO - Uploaded ../Final_Project_DE/archive/cbb24.csv to S3 as Final_Project_DE/archive/cbb24.csv.
2024-12-08 22:58:40,399 - INFO - Uploaded ../Final_Project_DE/archive/cbb.csv to S3 as Final_Project_DE/archive/cbb.csv.
2024-12-08 22:58:40,399 - INFO - Processing cbb22.csv.
2024-12-08 22:58:41,611 - INFO - Processing cbb16.csv and cbb.csv.
2024-12-08 22:58:43,442 - INFO - Combining multiple CSV files.
2024-12-08 22:58:49,268 - INFO - Processing cbb24.csv.
2024-12-08 22:58:50,968 - INFO - Initializing March Madness Predictor Flask application.
2024-12-08 22:58:50,968 - INFO - Loading data from cbb25_seeded_20241122.csv
2024-12-08 22:58:50,983 - INFO - Data loaded and processed successfully.
2024-12-08 22:58:50,983 - INFO - Predicting Final Four results.
2024-12-08 22:58:50,983 - INFO - Final Four prediction completed: {'final_four': ['Houston', 'Arizona', 'Auburn', 'Duke'], 'runner_up': 'Arizona', 'winner': 'Houston'}
2024-12-08 22:58:50,984 - INFO - Starting Flask application.
2024-12-08 22:58:50,993 - INFO - [31m[1mWARNING: This is a development server. Do not use it in a production deployment. Use a production WSGI server instead.[0m
 * Running on all addresses (0.0.0.0)
 * Running on http://127.0.0.1:8080
 * Running on http://192.168.29.202:8080
2024-12-08 22:58:50,993 - INFO - [33mPress CTRL+C to quit[0m
2024-12-08 23:00:32,526 - INFO - Found credentials in environment variables.
2024-12-08 23:00:32,600 - INFO - Extracting data from Bart Torvik.
2024-12-08 23:00:40,256 - INFO - Uploaded ../Final_Project_DE/archive/cbb13.csv to S3 as Final_Project_DE/archive/cbb13.csv.
2024-12-08 23:00:41,966 - INFO - Uploaded ../Final_Project_DE/archive/cbb14.csv to S3 as Final_Project_DE/archive/cbb14.csv.
2024-12-08 23:00:43,733 - INFO - Uploaded ../Final_Project_DE/archive/cbb15.csv to S3 as Final_Project_DE/archive/cbb15.csv.
2024-12-08 23:00:45,755 - INFO - Uploaded ../Final_Project_DE/archive/cbb16.csv to S3 as Final_Project_DE/archive/cbb16.csv.
2024-12-08 23:00:47,716 - INFO - Uploaded ../Final_Project_DE/archive/cbb17.csv to S3 as Final_Project_DE/archive/cbb17.csv.
2024-12-08 23:00:49,655 - INFO - Uploaded ../Final_Project_DE/archive/cbb19.csv to S3 as Final_Project_DE/archive/cbb19.csv.
2024-12-08 23:00:51,628 - INFO - Uploaded ../Final_Project_DE/archive/cbb18.csv to S3 as Final_Project_DE/archive/cbb18.csv.
2024-12-08 23:00:53,598 - INFO - Uploaded ../Final_Project_DE/archive/cbb21.csv to S3 as Final_Project_DE/archive/cbb21.csv.
2024-12-08 23:00:55,597 - INFO - Uploaded ../Final_Project_DE/archive/cbb22.csv to S3 as Final_Project_DE/archive/cbb22.csv.
2024-12-08 23:00:57,586 - INFO - Uploaded ../Final_Project_DE/archive/cbb23.csv to S3 as Final_Project_DE/archive/cbb23.csv.
2024-12-08 23:00:59,636 - INFO - Uploaded ../Final_Project_DE/archive/cbb24.csv to S3 as Final_Project_DE/archive/cbb24.csv.
2024-12-08 23:01:06,300 - INFO - Uploaded ../Final_Project_DE/archive/cbb.csv to S3 as Final_Project_DE/archive/cbb.csv.
2024-12-08 23:01:06,301 - INFO - Processing cbb22.csv.
2024-12-08 23:01:08,341 - INFO - Processing cbb16.csv and cbb.csv.
2024-12-08 23:01:10,153 - INFO - Combining multiple CSV files.
2024-12-08 23:01:16,735 - INFO - Processing cbb24.csv.
2024-12-08 23:01:18,680 - INFO - Loading training and testing datasets.
2024-12-08 23:01:19,595 - INFO - Filtering rows with non-null SEED values.
2024-12-08 23:01:19,598 - INFO - Selected features: ['ADJOE', 'ADJDE', 'BARTHAG', 'EFG_O', 'EFG_D', 'TOR', 'TORD', 'ORB', 'DRB', 'FTR', 'FTRD', 'ADJ_T', 'WAB'].
2024-12-08 23:01:19,600 - INFO - Splitting data into training and testing sets.
2024-12-08 23:01:19,604 - INFO - Scaling features using StandardScaler.
2024-12-08 23:01:19,611 - INFO - Fitting the GAM model.
2024-12-08 23:01:20,307 - INFO - Predicting on test data.
2024-12-08 23:01:29,046 - INFO - Predicting seeds for cbb24.
2024-12-08 23:01:29,056 - INFO - Updating seed assignments in the main DataFrame.
2024-12-08 23:01:30,244 - INFO - Execute model on our current dataset i.e. current_cbb_live_data to get the seeds for 2024-2025 season
2024-12-08 23:01:30,245 - INFO - Splitting data into training and testing sets.
2024-12-08 23:01:30,247 - INFO - Scaling features using StandardScaler.
2024-12-08 23:01:30,250 - INFO - Fitting the GAM model.
2024-12-08 23:01:30,788 - INFO - Predicting on test data.
2024-12-08 23:01:39,185 - INFO - Predicting seeds for cbb24.
2024-12-08 23:01:39,193 - INFO - Updating seed assignments in the main DataFrame.
2024-12-08 23:01:40,388 - INFO - Run model to obtain predictions on who will be winning march madness for the 2024-25 season
2024-12-08 23:01:40,392 - INFO - Training Random Forest Classifier.
2024-12-08 23:01:40,528 - INFO - Evaluating model performance on the test set.
2024-12-08 23:01:40,537 - INFO - Applying the model to current data.
2024-12-08 23:01:40,540 - INFO - Assigning labels systematically.
2024-12-08 23:01:40,541 - INFO - Mapping assigned labels back to POSTSEASON names.
2024-12-08 23:01:41,425 - INFO - Initializing March Madness Predictor Flask application.
2024-12-08 23:01:41,425 - INFO - Loading data from cbb25_seeded_20241122.csv
2024-12-08 23:01:41,437 - INFO - Data loaded and processed successfully.
2024-12-08 23:01:41,438 - INFO - Predicting Final Four results.
2024-12-08 23:01:41,438 - INFO - Final Four prediction completed: {'final_four': ['Houston', 'Arizona', 'Auburn', 'Duke'], 'runner_up': 'Arizona', 'winner': 'Houston'}
2024-12-08 23:01:41,440 - INFO - Starting Flask application.
2024-12-08 23:01:41,449 - INFO - [31m[1mWARNING: This is a development server. Do not use it in a production deployment. Use a production WSGI server instead.[0m
 * Running on all addresses (0.0.0.0)
 * Running on http://127.0.0.1:8080
 * Running on http://192.168.29.202:8080
2024-12-08 23:01:41,449 - INFO - [33mPress CTRL+C to quit[0m
2024-12-08 23:05:45,943 - INFO - Rendering Final Four page.
2024-12-08 23:05:45,968 - INFO - 127.0.0.1 - - [08/Dec/2024 23:05:45] "GET /final_four HTTP/1.1" 200 -
2024-12-08 23:05:45,997 - INFO - 127.0.0.1 - - [08/Dec/2024 23:05:45] "[36mGET /static/logos/Arizona.png HTTP/1.1[0m" 304 -
2024-12-08 23:05:45,999 - INFO - 127.0.0.1 - - [08/Dec/2024 23:05:45] "[36mGET /static/logos/Duke.png HTTP/1.1[0m" 304 -
2024-12-08 23:05:46,000 - INFO - 127.0.0.1 - - [08/Dec/2024 23:05:46] "[36mGET /static/images/bb2.jpeg HTTP/1.1[0m" 304 -
2024-12-08 23:05:46,002 - INFO - 127.0.0.1 - - [08/Dec/2024 23:05:46] "[36mGET /static/logos/Houston.png HTTP/1.1[0m" 304 -
2024-12-08 23:05:46,007 - INFO - 127.0.0.1 - - [08/Dec/2024 23:05:46] "[36mGET /static/logos/Auburn.png HTTP/1.1[0m" 304 -
2024-12-08 23:05:48,085 - INFO - Rendering index page.
2024-12-08 23:05:48,095 - INFO - 127.0.0.1 - - [08/Dec/2024 23:05:48] "GET / HTTP/1.1" 200 -
2024-12-08 23:05:48,112 - INFO - 127.0.0.1 - - [08/Dec/2024 23:05:48] "[36mGET /static/logos/Alabama.png HTTP/1.1[0m" 304 -
2024-12-08 23:05:48,113 - INFO - 127.0.0.1 - - [08/Dec/2024 23:05:48] "[36mGET /static/logos/Mount%20St.%20Mary's.png HTTP/1.1[0m" 304 -
2024-12-08 23:05:48,126 - INFO - 127.0.0.1 - - [08/Dec/2024 23:05:48] "[36mGET /static/logos/Houston.png HTTP/1.1[0m" 304 -
2024-12-08 23:05:48,129 - INFO - 127.0.0.1 - - [08/Dec/2024 23:05:48] "[36mGET /static/logos/Arizona.png HTTP/1.1[0m" 304 -
2024-12-08 23:05:48,130 - INFO - 127.0.0.1 - - [08/Dec/2024 23:05:48] "[36mGET /static/conferenceLogos/AE.png HTTP/1.1[0m" 304 -
2024-12-08 23:05:48,132 - INFO - 127.0.0.1 - - [08/Dec/2024 23:05:48] "[36mGET /static/conferenceLogos/ASun.png HTTP/1.1[0m" 304 -
2024-12-08 23:05:48,132 - INFO - 127.0.0.1 - - [08/Dec/2024 23:05:48] "[36mGET /static/logos/Georgia.png HTTP/1.1[0m" 304 -
2024-12-08 23:05:48,134 - INFO - 127.0.0.1 - - [08/Dec/2024 23:05:48] "[36mGET /static/conferenceLogos/Amer.png HTTP/1.1[0m" 304 -
2024-12-08 23:05:48,137 - INFO - 127.0.0.1 - - [08/Dec/2024 23:05:48] "[36mGET /static/conferenceLogos/SB.png HTTP/1.1[0m" 304 -
2024-12-08 23:05:48,141 - INFO - 127.0.0.1 - - [08/Dec/2024 23:05:48] "[36mGET /static/conferenceLogos/MAAC.png HTTP/1.1[0m" 304 -
2024-12-08 23:05:48,142 - INFO - 127.0.0.1 - - [08/Dec/2024 23:05:48] "[36mGET /static/images/bb2.jpeg HTTP/1.1[0m" 304 -
2024-12-08 23:05:48,146 - INFO - 127.0.0.1 - - [08/Dec/2024 23:05:48] "[36mGET /static/conferenceLogos/SC.png HTTP/1.1[0m" 304 -
2024-12-08 23:05:48,150 - INFO - 127.0.0.1 - - [08/Dec/2024 23:05:48] "[36mGET /static/conferenceLogos/Sum.png HTTP/1.1[0m" 304 -
2024-12-08 23:05:48,151 - INFO - 127.0.0.1 - - [08/Dec/2024 23:05:48] "[36mGET /static/logos/Kansas.png HTTP/1.1[0m" 304 -
2024-12-08 23:05:48,151 - INFO - 127.0.0.1 - - [08/Dec/2024 23:05:48] "[36mGET /static/logos/Auburn.png HTTP/1.1[0m" 304 -
2024-12-08 23:05:48,153 - INFO - 127.0.0.1 - - [08/Dec/2024 23:05:48] "[36mGET /static/logos/Tennessee.png HTTP/1.1[0m" 304 -
2024-12-08 23:05:48,154 - INFO - 127.0.0.1 - - [08/Dec/2024 23:05:48] "[36mGET /static/logos/Purdue.png HTTP/1.1[0m" 304 -
2024-12-08 23:05:48,154 - INFO - 127.0.0.1 - - [08/Dec/2024 23:05:48] "[36mGET /static/logos/Baylor.png HTTP/1.1[0m" 304 -
2024-12-08 23:05:48,156 - INFO - 127.0.0.1 - - [08/Dec/2024 23:05:48] "[36mGET /static/logos/Marquette.png HTTP/1.1[0m" 304 -
2024-12-08 23:05:48,156 - INFO - 127.0.0.1 - - [08/Dec/2024 23:05:48] "[36mGET /static/logos/Kentucky.png HTTP/1.1[0m" 304 -
2024-12-08 23:05:48,159 - INFO - 127.0.0.1 - - [08/Dec/2024 23:05:48] "[36mGET /static/logos/Gonzaga.png HTTP/1.1[0m" 304 -
2024-12-08 23:05:48,160 - INFO - 127.0.0.1 - - [08/Dec/2024 23:05:48] "[36mGET /static/logos/St.%20John's.png HTTP/1.1[0m" 304 -
2024-12-08 23:05:48,160 - INFO - 127.0.0.1 - - [08/Dec/2024 23:05:48] "[36mGET /static/logos/Duke.png HTTP/1.1[0m" 304 -
2024-12-08 23:05:48,160 - INFO - 127.0.0.1 - - [08/Dec/2024 23:05:48] "[36mGET /static/logos/Memphis.png HTTP/1.1[0m" 304 -
2024-12-08 23:05:48,162 - INFO - 127.0.0.1 - - [08/Dec/2024 23:05:48] "[36mGET /static/logos/North%20Carolina.png HTTP/1.1[0m" 304 -
2024-12-08 23:05:48,164 - INFO - 127.0.0.1 - - [08/Dec/2024 23:05:48] "[36mGET /static/logos/Creighton.png HTTP/1.1[0m" 304 -
2024-12-08 23:05:48,164 - INFO - 127.0.0.1 - - [08/Dec/2024 23:05:48] "[36mGET /static/logos/Ohio%20St..png HTTP/1.1[0m" 304 -
2024-12-08 23:05:48,169 - INFO - 127.0.0.1 - - [08/Dec/2024 23:05:48] "[36mGET /static/logos/Indiana.png HTTP/1.1[0m" 304 -
2024-12-08 23:05:48,170 - INFO - 127.0.0.1 - - [08/Dec/2024 23:05:48] "[36mGET /static/logos/New%20Mexico.png HTTP/1.1[0m" 304 -
2024-12-08 23:05:48,173 - INFO - 127.0.0.1 - - [08/Dec/2024 23:05:48] "[36mGET /static/logos/UCF.png HTTP/1.1[0m" 304 -
2024-12-08 23:05:48,175 - INFO - 127.0.0.1 - - [08/Dec/2024 23:05:48] "[36mGET /static/logos/Saint%20Mary's.png HTTP/1.1[0m" 304 -
2024-12-08 23:05:48,176 - INFO - 127.0.0.1 - - [08/Dec/2024 23:05:48] "[36mGET /static/logos/Iowa%20St..png HTTP/1.1[0m" 304 -
2024-12-08 23:05:48,178 - INFO - 127.0.0.1 - - [08/Dec/2024 23:05:48] "[36mGET /static/logos/Texas%20A&M.png HTTP/1.1[0m" 304 -
2024-12-08 23:05:48,179 - INFO - 127.0.0.1 - - [08/Dec/2024 23:05:48] "[36mGET /static/logos/Houston%20Christian.png HTTP/1.1[0m" 304 -
2024-12-08 23:05:48,181 - INFO - 127.0.0.1 - - [08/Dec/2024 23:05:48] "[36mGET /static/logos/Mississippi%20St..png HTTP/1.1[0m" 304 -
2024-12-08 23:05:48,183 - INFO - 127.0.0.1 - - [08/Dec/2024 23:05:48] "[36mGET /static/logos/Florida.png HTTP/1.1[0m" 304 -
2024-12-08 23:05:48,185 - INFO - 127.0.0.1 - - [08/Dec/2024 23:05:48] "[36mGET /static/logos/Arizona%20St..png HTTP/1.1[0m" 304 -
2024-12-08 23:05:48,189 - INFO - 127.0.0.1 - - [08/Dec/2024 23:05:48] "[36mGET /static/logos/Michigan%20St..png HTTP/1.1[0m" 304 -
2024-12-08 23:05:48,193 - INFO - 127.0.0.1 - - [08/Dec/2024 23:05:48] "[36mGET /static/logos/Iowa.png HTTP/1.1[0m" 304 -
2024-12-08 23:05:48,195 - INFO - 127.0.0.1 - - [08/Dec/2024 23:05:48] "[36mGET /static/logos/Texas%20Tech.png HTTP/1.1[0m" 304 -
2024-12-08 23:05:48,199 - INFO - 127.0.0.1 - - [08/Dec/2024 23:05:48] "[36mGET /static/logos/Wisconsin.png HTTP/1.1[0m" 304 -
2024-12-08 23:05:48,201 - INFO - 127.0.0.1 - - [08/Dec/2024 23:05:48] "[36mGET /static/logos/Oregon.png HTTP/1.1[0m" 304 -
2024-12-08 23:05:48,202 - INFO - 127.0.0.1 - - [08/Dec/2024 23:05:48] "[36mGET /static/logos/Illinois.png HTTP/1.1[0m" 304 -
2024-12-08 23:05:48,205 - INFO - 127.0.0.1 - - [08/Dec/2024 23:05:48] "[36mGET /static/logos/Rutgers.png HTTP/1.1[0m" 304 -
2024-12-08 23:05:48,209 - INFO - 127.0.0.1 - - [08/Dec/2024 23:05:48] "[36mGET /static/logos/Michigan.png HTTP/1.1[0m" 304 -
2024-12-08 23:05:48,210 - INFO - 127.0.0.1 - - [08/Dec/2024 23:05:48] "[36mGET /static/logos/UMKC.png HTTP/1.1[0m" 304 -
2024-12-08 23:05:48,211 - INFO - 127.0.0.1 - - [08/Dec/2024 23:05:48] "[36mGET /static/logos/San%20Diego%20St..png HTTP/1.1[0m" 304 -
2024-12-08 23:05:48,213 - INFO - 127.0.0.1 - - [08/Dec/2024 23:05:48] "[36mGET /static/logos/Arkansas.png HTTP/1.1[0m" 304 -
2024-12-08 23:05:48,218 - INFO - 127.0.0.1 - - [08/Dec/2024 23:05:48] "[36mGET /static/logos/Cincinnati.png HTTP/1.1[0m" 304 -
2024-12-08 23:05:48,219 - INFO - 127.0.0.1 - - [08/Dec/2024 23:05:48] "[36mGET /static/logos/UCLA.png HTTP/1.1[0m" 304 -
2024-12-08 23:05:48,219 - INFO - 127.0.0.1 - - [08/Dec/2024 23:05:48] "[36mGET /static/logos/LSU.png HTTP/1.1[0m" 304 -
2024-12-08 23:05:48,221 - INFO - 127.0.0.1 - - [08/Dec/2024 23:05:48] "[36mGET /static/logos/Wake%20Forest.png HTTP/1.1[0m" 304 -
2024-12-08 23:05:48,222 - INFO - 127.0.0.1 - - [08/Dec/2024 23:05:48] "[36mGET /static/logos/Mississippi.png HTTP/1.1[0m" 304 -
2024-12-08 23:05:48,224 - INFO - 127.0.0.1 - - [08/Dec/2024 23:05:48] "[36mGET /static/logos/Mississippi%20Valley%20St..png HTTP/1.1[0m" 304 -
2024-12-08 23:05:48,224 - INFO - 127.0.0.1 - - [08/Dec/2024 23:05:48] "[36mGET /static/logos/VCU.png HTTP/1.1[0m" 304 -
2024-12-08 23:05:48,224 - INFO - 127.0.0.1 - - [08/Dec/2024 23:05:48] "[36mGET /static/logos/Connecticut.png HTTP/1.1[0m" 304 -
2024-12-08 23:05:48,237 - INFO - 127.0.0.1 - - [08/Dec/2024 23:05:48] "[36mGET /static/logos/Washington.png HTTP/1.1[0m" 304 -
2024-12-08 23:05:48,239 - INFO - 127.0.0.1 - - [08/Dec/2024 23:05:48] "[36mGET /static/logos/Pittsburgh.png HTTP/1.1[0m" 304 -
2024-12-08 23:05:48,241 - INFO - 127.0.0.1 - - [08/Dec/2024 23:05:48] "[36mGET /static/logos/McNeese%20St..png HTTP/1.1[0m" 304 -
2024-12-08 23:05:48,242 - INFO - 127.0.0.1 - - [08/Dec/2024 23:05:48] "[36mGET /static/logos/Texas.png HTTP/1.1[0m" 304 -
2024-12-08 23:05:48,243 - INFO - 127.0.0.1 - - [08/Dec/2024 23:05:48] "[36mGET /static/logos/Kansas%20St..png HTTP/1.1[0m" 304 -
2024-12-08 23:05:48,244 - INFO - 127.0.0.1 - - [08/Dec/2024 23:05:48] "[36mGET /static/logos/Nebraska.png HTTP/1.1[0m" 304 -
2024-12-08 23:05:48,248 - INFO - 127.0.0.1 - - [08/Dec/2024 23:05:48] "[36mGET /static/logos/Nevada.png HTTP/1.1[0m" 304 -
2024-12-08 23:05:48,251 - INFO - 127.0.0.1 - - [08/Dec/2024 23:05:48] "[36mGET /static/logos/UMass%20Lowell.png HTTP/1.1[0m" 304 -
2024-12-08 23:05:48,251 - INFO - 127.0.0.1 - - [08/Dec/2024 23:05:48] "[36mGET /static/logos/Virginia.png HTTP/1.1[0m" 304 -
2024-12-08 23:05:48,253 - INFO - 127.0.0.1 - - [08/Dec/2024 23:05:48] "[36mGET /static/logos/Northwestern.png HTTP/1.1[0m" 304 -
2024-12-08 23:05:48,253 - INFO - 127.0.0.1 - - [08/Dec/2024 23:05:48] "[36mGET /static/logos/Boise%20St..png HTTP/1.1[0m" 304 -
2024-12-08 23:05:48,257 - INFO - 127.0.0.1 - - [08/Dec/2024 23:05:48] "[36mGET /static/logos/Saint%20Joseph's.png HTTP/1.1[0m" 304 -
2024-12-08 23:05:48,257 - INFO - 127.0.0.1 - - [08/Dec/2024 23:05:48] "[36mGET /static/logos/Miami%20FL.png HTTP/1.1[0m" 304 -
2024-12-08 23:05:48,257 - INFO - 127.0.0.1 - - [08/Dec/2024 23:05:48] "[36mGET /static/logos/Florida%20A&M.png HTTP/1.1[0m" 304 -
2024-12-08 23:05:48,258 - INFO - 127.0.0.1 - - [08/Dec/2024 23:05:48] "[36mGET /static/logos/Wofford.png HTTP/1.1[0m" 304 -
2024-12-08 23:05:48,259 - INFO - 127.0.0.1 - - [08/Dec/2024 23:05:48] "[36mGET /static/logos/Clemson.png HTTP/1.1[0m" 304 -
2024-12-08 23:05:48,261 - INFO - 127.0.0.1 - - [08/Dec/2024 23:05:48] "[36mGET /static/logos/Washington%20St..png HTTP/1.1[0m" 304 -
2024-12-08 23:05:48,263 - INFO - 127.0.0.1 - - [08/Dec/2024 23:05:48] "[36mGET /static/logos/Georgia%20St..png HTTP/1.1[0m" 304 -
2024-12-08 23:05:48,264 - INFO - 127.0.0.1 - - [08/Dec/2024 23:05:48] "[36mGET /static/logos/Queens.png HTTP/1.1[0m" 304 -
2024-12-08 23:05:48,265 - INFO - 127.0.0.1 - - [08/Dec/2024 23:05:48] "[36mGET /static/logos/Notre%20Dame.png HTTP/1.1[0m" 304 -
2024-12-08 23:05:48,542 - INFO - 127.0.0.1 - - [08/Dec/2024 23:05:48] "[36mGET /static/conferenceLogos/BE.png HTTP/1.1[0m" 304 -
2024-12-08 23:05:48,546 - INFO - 127.0.0.1 - - [08/Dec/2024 23:05:48] "[36mGET /static/conferenceLogos/B10.png HTTP/1.1[0m" 304 -
2024-12-08 23:05:48,550 - INFO - 127.0.0.1 - - [08/Dec/2024 23:05:48] "[36mGET /static/conferenceLogos/MWC.png HTTP/1.1[0m" 304 -
2024-12-08 23:05:48,661 - INFO - 127.0.0.1 - - [08/Dec/2024 23:05:48] "[36mGET /static/conferenceLogos/SEC.png HTTP/1.1[0m" 304 -
2024-12-08 23:05:48,666 - INFO - 127.0.0.1 - - [08/Dec/2024 23:05:48] "[36mGET /static/conferenceLogos/ACC.png HTTP/1.1[0m" 304 -
2024-12-08 23:05:48,667 - INFO - 127.0.0.1 - - [08/Dec/2024 23:05:48] "[36mGET /static/conferenceLogos/B12.png HTTP/1.1[0m" 304 -
2024-12-08 23:05:48,669 - INFO - 127.0.0.1 - - [08/Dec/2024 23:05:48] "[36mGET /static/conferenceLogos/WCC.png HTTP/1.1[0m" 304 -
2024-12-08 23:05:48,671 - INFO - 127.0.0.1 - - [08/Dec/2024 23:05:48] "[36mGET /static/conferenceLogos/A10.png HTTP/1.1[0m" 304 -
2024-12-08 23:05:48,674 - INFO - 127.0.0.1 - - [08/Dec/2024 23:05:48] "[36mGET /static/conferenceLogos/SWAC.png HTTP/1.1[0m" 304 -
2024-12-08 23:05:48,676 - INFO - 127.0.0.1 - - [08/Dec/2024 23:05:48] "[36mGET /static/conferenceLogos/Slnd.png HTTP/1.1[0m" 304 -
2024-12-08 23:06:01,636 - INFO - Rendering index page.
2024-12-08 23:06:01,641 - INFO - 127.0.0.1 - - [08/Dec/2024 23:06:01] "GET / HTTP/1.1" 200 -
2024-12-08 23:06:01,703 - INFO - 127.0.0.1 - - [08/Dec/2024 23:06:01] "GET /static/logos/Georgia.png HTTP/1.1" 200 -
2024-12-08 23:06:01,703 - INFO - 127.0.0.1 - - [08/Dec/2024 23:06:01] "GET /static/logos/Alabama.png HTTP/1.1" 200 -
2024-12-08 23:06:01,703 - INFO - 127.0.0.1 - - [08/Dec/2024 23:06:01] "GET /static/logos/Mount%20St.%20Mary's.png HTTP/1.1" 200 -
2024-12-08 23:06:01,703 - INFO - 127.0.0.1 - - [08/Dec/2024 23:06:01] "GET /static/logos/Kansas.png HTTP/1.1" 200 -
2024-12-08 23:06:01,706 - INFO - 127.0.0.1 - - [08/Dec/2024 23:06:01] "GET /static/logos/Auburn.png HTTP/1.1" 200 -
2024-12-08 23:06:01,706 - INFO - 127.0.0.1 - - [08/Dec/2024 23:06:01] "GET /static/logos/Tennessee.png HTTP/1.1" 200 -
2024-12-08 23:06:01,711 - INFO - 127.0.0.1 - - [08/Dec/2024 23:06:01] "GET /static/logos/Purdue.png HTTP/1.1" 200 -
2024-12-08 23:06:01,712 - INFO - 127.0.0.1 - - [08/Dec/2024 23:06:01] "GET /static/logos/Baylor.png HTTP/1.1" 200 -
2024-12-08 23:06:01,714 - INFO - 127.0.0.1 - - [08/Dec/2024 23:06:01] "GET /static/logos/Marquette.png HTTP/1.1" 200 -
2024-12-08 23:06:01,714 - INFO - 127.0.0.1 - - [08/Dec/2024 23:06:01] "GET /static/logos/Kentucky.png HTTP/1.1" 200 -
2024-12-08 23:06:01,716 - INFO - 127.0.0.1 - - [08/Dec/2024 23:06:01] "GET /static/logos/Gonzaga.png HTTP/1.1" 200 -
2024-12-08 23:06:01,717 - INFO - 127.0.0.1 - - [08/Dec/2024 23:06:01] "GET /static/logos/Memphis.png HTTP/1.1" 200 -
2024-12-08 23:06:01,718 - INFO - 127.0.0.1 - - [08/Dec/2024 23:06:01] "GET /static/logos/St.%20John's.png HTTP/1.1" 200 -
2024-12-08 23:06:01,719 - INFO - 127.0.0.1 - - [08/Dec/2024 23:06:01] "GET /static/logos/Houston.png HTTP/1.1" 200 -
2024-12-08 23:06:01,719 - INFO - 127.0.0.1 - - [08/Dec/2024 23:06:01] "GET /static/logos/Duke.png HTTP/1.1" 200 -
2024-12-08 23:06:01,719 - INFO - 127.0.0.1 - - [08/Dec/2024 23:06:01] "GET /static/logos/North%20Carolina.png HTTP/1.1" 200 -
2024-12-08 23:06:01,728 - INFO - 127.0.0.1 - - [08/Dec/2024 23:06:01] "GET /static/logos/Creighton.png HTTP/1.1" 200 -
2024-12-08 23:06:01,728 - INFO - 127.0.0.1 - - [08/Dec/2024 23:06:01] "GET /static/logos/Ohio%20St..png HTTP/1.1" 200 -
2024-12-08 23:06:01,729 - INFO - 127.0.0.1 - - [08/Dec/2024 23:06:01] "GET /static/logos/New%20Mexico.png HTTP/1.1" 200 -
2024-12-08 23:06:01,730 - INFO - 127.0.0.1 - - [08/Dec/2024 23:06:01] "GET /static/logos/Indiana.png HTTP/1.1" 200 -
2024-12-08 23:06:01,730 - INFO - 127.0.0.1 - - [08/Dec/2024 23:06:01] "GET /static/logos/Texas%20A&M.png HTTP/1.1" 200 -
2024-12-08 23:06:01,730 - INFO - 127.0.0.1 - - [08/Dec/2024 23:06:01] "GET /static/logos/UCF.png HTTP/1.1" 200 -
2024-12-08 23:06:01,732 - INFO - 127.0.0.1 - - [08/Dec/2024 23:06:01] "GET /static/logos/Iowa%20St..png HTTP/1.1" 200 -
2024-12-08 23:06:01,733 - INFO - 127.0.0.1 - - [08/Dec/2024 23:06:01] "GET /static/logos/Houston%20Christian.png HTTP/1.1" 200 -
2024-12-08 23:06:01,733 - INFO - 127.0.0.1 - - [08/Dec/2024 23:06:01] "GET /static/logos/Saint%20Mary's.png HTTP/1.1" 200 -
2024-12-08 23:06:01,737 - INFO - 127.0.0.1 - - [08/Dec/2024 23:06:01] "GET /static/logos/Mississippi%20St..png HTTP/1.1" 200 -
2024-12-08 23:06:01,737 - INFO - 127.0.0.1 - - [08/Dec/2024 23:06:01] "GET /static/logos/Florida.png HTTP/1.1" 200 -
2024-12-08 23:06:01,738 - INFO - 127.0.0.1 - - [08/Dec/2024 23:06:01] "GET /static/logos/Arizona%20St..png HTTP/1.1" 200 -
2024-12-08 23:06:01,738 - INFO - 127.0.0.1 - - [08/Dec/2024 23:06:01] "GET /static/logos/Texas%20Tech.png HTTP/1.1" 200 -
2024-12-08 23:06:01,739 - INFO - 127.0.0.1 - - [08/Dec/2024 23:06:01] "GET /static/logos/Michigan%20St..png HTTP/1.1" 200 -
2024-12-08 23:06:01,742 - INFO - 127.0.0.1 - - [08/Dec/2024 23:06:01] "GET /static/logos/Iowa.png HTTP/1.1" 200 -
2024-12-08 23:06:01,743 - INFO - 127.0.0.1 - - [08/Dec/2024 23:06:01] "GET /static/logos/Wisconsin.png HTTP/1.1" 200 -
2024-12-08 23:06:01,745 - INFO - 127.0.0.1 - - [08/Dec/2024 23:06:01] "GET /static/logos/Oregon.png HTTP/1.1" 200 -
2024-12-08 23:06:01,745 - INFO - 127.0.0.1 - - [08/Dec/2024 23:06:01] "GET /static/logos/Illinois.png HTTP/1.1" 200 -
2024-12-08 23:06:01,747 - INFO - 127.0.0.1 - - [08/Dec/2024 23:06:01] "GET /static/logos/Rutgers.png HTTP/1.1" 200 -
2024-12-08 23:06:01,749 - INFO - 127.0.0.1 - - [08/Dec/2024 23:06:01] "GET /static/logos/UMKC.png HTTP/1.1" 200 -
2024-12-08 23:06:01,750 - INFO - 127.0.0.1 - - [08/Dec/2024 23:06:01] "GET /static/logos/Michigan.png HTTP/1.1" 200 -
2024-12-08 23:06:01,751 - INFO - 127.0.0.1 - - [08/Dec/2024 23:06:01] "GET /static/logos/San%20Diego%20St..png HTTP/1.1" 200 -
2024-12-08 23:06:01,752 - INFO - 127.0.0.1 - - [08/Dec/2024 23:06:01] "GET /static/logos/Arkansas.png HTTP/1.1" 200 -
2024-12-08 23:06:01,753 - INFO - 127.0.0.1 - - [08/Dec/2024 23:06:01] "GET /static/logos/UCLA.png HTTP/1.1" 200 -
2024-12-08 23:06:01,753 - INFO - 127.0.0.1 - - [08/Dec/2024 23:06:01] "GET /static/logos/Cincinnati.png HTTP/1.1" 200 -
2024-12-08 23:06:01,755 - INFO - 127.0.0.1 - - [08/Dec/2024 23:06:01] "GET /static/logos/Wake%20Forest.png HTTP/1.1" 200 -
2024-12-08 23:06:01,756 - INFO - 127.0.0.1 - - [08/Dec/2024 23:06:01] "GET /static/logos/LSU.png HTTP/1.1" 200 -
2024-12-08 23:06:01,756 - INFO - 127.0.0.1 - - [08/Dec/2024 23:06:01] "GET /static/logos/Mississippi%20Valley%20St..png HTTP/1.1" 200 -
2024-12-08 23:06:01,757 - INFO - 127.0.0.1 - - [08/Dec/2024 23:06:01] "GET /static/logos/Mississippi.png HTTP/1.1" 200 -
2024-12-08 23:06:01,758 - INFO - 127.0.0.1 - - [08/Dec/2024 23:06:01] "GET /static/logos/VCU.png HTTP/1.1" 200 -
2024-12-08 23:06:01,759 - INFO - 127.0.0.1 - - [08/Dec/2024 23:06:01] "GET /static/logos/Connecticut.png HTTP/1.1" 200 -
2024-12-08 23:06:01,760 - INFO - 127.0.0.1 - - [08/Dec/2024 23:06:01] "GET /static/logos/Pittsburgh.png HTTP/1.1" 200 -
2024-12-08 23:06:01,760 - INFO - 127.0.0.1 - - [08/Dec/2024 23:06:01] "GET /static/logos/Washington.png HTTP/1.1" 200 -
2024-12-08 23:06:01,761 - INFO - 127.0.0.1 - - [08/Dec/2024 23:06:01] "GET /static/logos/McNeese%20St..png HTTP/1.1" 200 -
2024-12-08 23:06:01,763 - INFO - 127.0.0.1 - - [08/Dec/2024 23:06:01] "GET /static/logos/Texas.png HTTP/1.1" 200 -
2024-12-08 23:06:01,763 - INFO - 127.0.0.1 - - [08/Dec/2024 23:06:01] "GET /static/logos/Nebraska.png HTTP/1.1" 200 -
2024-12-08 23:06:01,763 - INFO - 127.0.0.1 - - [08/Dec/2024 23:06:01] "GET /static/logos/Kansas%20St..png HTTP/1.1" 200 -
2024-12-08 23:06:01,763 - INFO - 127.0.0.1 - - [08/Dec/2024 23:06:01] "GET /static/logos/Nevada.png HTTP/1.1" 200 -
2024-12-08 23:06:01,768 - INFO - 127.0.0.1 - - [08/Dec/2024 23:06:01] "GET /static/logos/Virginia.png HTTP/1.1" 200 -
2024-12-08 23:06:01,769 - INFO - 127.0.0.1 - - [08/Dec/2024 23:06:01] "GET /static/logos/UMass%20Lowell.png HTTP/1.1" 200 -
2024-12-08 23:06:01,769 - INFO - 127.0.0.1 - - [08/Dec/2024 23:06:01] "GET /static/logos/Northwestern.png HTTP/1.1" 200 -
2024-12-08 23:06:01,769 - INFO - 127.0.0.1 - - [08/Dec/2024 23:06:01] "GET /static/logos/Miami%20FL.png HTTP/1.1" 200 -
2024-12-08 23:06:01,770 - INFO - 127.0.0.1 - - [08/Dec/2024 23:06:01] "GET /static/logos/Boise%20St..png HTTP/1.1" 200 -
2024-12-08 23:06:01,770 - INFO - 127.0.0.1 - - [08/Dec/2024 23:06:01] "GET /static/logos/Florida%20A&M.png HTTP/1.1" 200 -
2024-12-08 23:06:01,773 - INFO - 127.0.0.1 - - [08/Dec/2024 23:06:01] "GET /static/logos/Wofford.png HTTP/1.1" 200 -
2024-12-08 23:06:01,774 - INFO - 127.0.0.1 - - [08/Dec/2024 23:06:01] "GET /static/logos/Saint%20Joseph's.png HTTP/1.1" 200 -
2024-12-08 23:06:01,775 - INFO - 127.0.0.1 - - [08/Dec/2024 23:06:01] "GET /static/logos/Clemson.png HTTP/1.1" 200 -
2024-12-08 23:06:01,776 - INFO - 127.0.0.1 - - [08/Dec/2024 23:06:01] "GET /static/logos/Arizona.png HTTP/1.1" 200 -
2024-12-08 23:06:01,777 - INFO - 127.0.0.1 - - [08/Dec/2024 23:06:01] "GET /static/logos/Washington%20St..png HTTP/1.1" 200 -
2024-12-08 23:06:01,779 - INFO - 127.0.0.1 - - [08/Dec/2024 23:06:01] "GET /static/logos/Georgia%20St..png HTTP/1.1" 200 -
2024-12-08 23:06:01,780 - INFO - 127.0.0.1 - - [08/Dec/2024 23:06:01] "GET /static/logos/Queens.png HTTP/1.1" 200 -
2024-12-08 23:06:01,781 - INFO - 127.0.0.1 - - [08/Dec/2024 23:06:01] "GET /static/logos/Notre%20Dame.png HTTP/1.1" 200 -
2024-12-08 23:06:01,785 - INFO - 127.0.0.1 - - [08/Dec/2024 23:06:01] "GET /static/conferenceLogos/B10.png HTTP/1.1" 200 -
2024-12-08 23:06:01,785 - INFO - 127.0.0.1 - - [08/Dec/2024 23:06:01] "GET /static/conferenceLogos/SEC.png HTTP/1.1" 200 -
2024-12-08 23:06:01,787 - INFO - 127.0.0.1 - - [08/Dec/2024 23:06:01] "GET /static/images/bb2.jpeg HTTP/1.1" 200 -
2024-12-08 23:06:01,788 - INFO - 127.0.0.1 - - [08/Dec/2024 23:06:01] "GET /static/conferenceLogos/B12.png HTTP/1.1" 200 -
2024-12-08 23:06:01,790 - INFO - 127.0.0.1 - - [08/Dec/2024 23:06:01] "GET /static/conferenceLogos/ACC.png HTTP/1.1" 200 -
2024-12-08 23:06:01,791 - INFO - 127.0.0.1 - - [08/Dec/2024 23:06:01] "GET /static/conferenceLogos/BE.png HTTP/1.1" 200 -
2024-12-08 23:06:01,792 - INFO - 127.0.0.1 - - [08/Dec/2024 23:06:01] "GET /static/conferenceLogos/MWC.png HTTP/1.1" 200 -
2024-12-08 23:06:01,798 - INFO - 127.0.0.1 - - [08/Dec/2024 23:06:01] "GET /static/conferenceLogos/WCC.png HTTP/1.1" 200 -
2024-12-08 23:06:01,799 - INFO - 127.0.0.1 - - [08/Dec/2024 23:06:01] "GET /static/conferenceLogos/A10.png HTTP/1.1" 200 -
2024-12-08 23:06:01,799 - INFO - 127.0.0.1 - - [08/Dec/2024 23:06:01] "GET /static/conferenceLogos/SWAC.png HTTP/1.1" 200 -
2024-12-08 23:06:01,803 - INFO - 127.0.0.1 - - [08/Dec/2024 23:06:01] "GET /static/conferenceLogos/Slnd.png HTTP/1.1" 200 -
2024-12-08 23:06:01,803 - INFO - 127.0.0.1 - - [08/Dec/2024 23:06:01] "GET /static/conferenceLogos/AE.png HTTP/1.1" 200 -
2024-12-08 23:06:01,805 - INFO - 127.0.0.1 - - [08/Dec/2024 23:06:01] "GET /static/conferenceLogos/ASun.png HTTP/1.1" 200 -
2024-12-08 23:06:01,808 - INFO - 127.0.0.1 - - [08/Dec/2024 23:06:01] "GET /static/conferenceLogos/Amer.png HTTP/1.1" 200 -
2024-12-08 23:06:01,809 - INFO - 127.0.0.1 - - [08/Dec/2024 23:06:01] "GET /static/conferenceLogos/MAAC.png HTTP/1.1" 200 -
2024-12-08 23:06:01,810 - INFO - 127.0.0.1 - - [08/Dec/2024 23:06:01] "GET /static/conferenceLogos/SB.png HTTP/1.1" 200 -
2024-12-08 23:06:01,811 - INFO - 127.0.0.1 - - [08/Dec/2024 23:06:01] "GET /static/conferenceLogos/SC.png HTTP/1.1" 200 -
2024-12-08 23:06:01,811 - INFO - 127.0.0.1 - - [08/Dec/2024 23:06:01] "GET /static/conferenceLogos/Sum.png HTTP/1.1" 200 -
2024-12-08 23:06:05,970 - INFO - Rendering Final Four page.
2024-12-08 23:06:05,981 - INFO - 127.0.0.1 - - [08/Dec/2024 23:06:05] "GET /final_four HTTP/1.1" 200 -
2024-12-08 23:06:05,998 - INFO - 127.0.0.1 - - [08/Dec/2024 23:06:05] "[36mGET /static/logos/Houston.png HTTP/1.1[0m" 304 -
2024-12-08 23:06:05,999 - INFO - 127.0.0.1 - - [08/Dec/2024 23:06:05] "[36mGET /static/logos/Arizona.png HTTP/1.1[0m" 304 -
2024-12-08 23:06:06,000 - INFO - 127.0.0.1 - - [08/Dec/2024 23:06:06] "[36mGET /static/logos/Auburn.png HTTP/1.1[0m" 304 -
2024-12-08 23:06:06,001 - INFO - 127.0.0.1 - - [08/Dec/2024 23:06:06] "[36mGET /static/logos/Duke.png HTTP/1.1[0m" 304 -
2024-12-08 23:06:06,002 - INFO - 127.0.0.1 - - [08/Dec/2024 23:06:06] "[36mGET /static/images/bb2.jpeg HTTP/1.1[0m" 304 -
